{
  "java_roots": [
    "app/src/main/java",
    "cfvm-raw/src/main/java",
    "extras/gap15-stubs_v1/src/main/java",
    "tools-scorecard/src/main/java"
  ],
  "resource_roots": [
    "app/src/main/resources",
    "extras/gap15-stubs_v1/src/main/resources"
  ],
  "build_files": [
    "gradlew",
    "settings.gradle"
  ],
  "found_targets": {
    "WeightedRRF.java": [
      "src/main/java/com/abandonware/ai/service/rag/fusion/WeightedRRF.java",
      "src/main/java/com/example/rag/fusion/WeightedRRF.java",
      "src/main/java/service/rag/fusion/WeightedRRF.java"
    ],
    "RrfFusion.java": [
      "app/src/main/java/com/abandonware/ai/addons/fusion/CalibratedRrfFusion.java",
      "src/main/java/com/abandonware/ai/agent/integrations/RrfFusion.java",
      "src/main/java/com/abandonware/ai/service/rag/fusion/RrfFusion.java",
      "src/main/java/com/example/lms/service/rag/fusion/RrfFusion.java"
    ],
    "RetrievalOrderService.java": [
      "app/src/main/java/com/example/lms/strategy/CfvmAwareRetrievalOrderService.java",
      "src/main/java/com/abandonware/ai/strategy/RetrievalOrderService.java",
      "src/main/java/com/example/lms/strategy/RetrievalOrderService.java",
      "src/main/java/strategy/RetrievalOrderService.java"
    ],
    "DynamicRetrievalHandlerChain.java": [
      "src/main/java/com/abandonware/ai/service/rag/handler/DynamicRetrievalHandlerChain.java",
      "src/main/java/com/example/lms/service/rag/handler/DynamicRetrievalHandlerChain.java",
      "src/main/java/service/rag/handler/DynamicRetrievalHandlerChain.java"
    ],
    "BiEncoderReranker.java": [
      "src/main/java/com/abandonware/ai/service/rag/BiEncoderReranker.java",
      "src/main/java/com/example/lms/service/rag/BiEncoderReranker.java",
      "src/main/java/service/rag/BiEncoderReranker.java"
    ],
    "OnnxCrossEncoderReranker.java": [
      "src/main/java/com/abandonware/ai/service/onnx/OnnxCrossEncoderReranker.java",
      "src/main/java/com/example/lms/service/onnx/OnnxCrossEncoderReranker.java",
      "src/main/java/service/onnx/OnnxCrossEncoderReranker.java"
    ],
    "AnalyzeWebSearchRetriever.java": [
      "src/main/java/com/abandonware/ai/service/rag/AnalyzeWebSearchRetriever.java",
      "src/main/java/com/example/lms/service/rag/AnalyzeWebSearchRetriever.java",
      "src/main/java/service/rag/AnalyzeWebSearchRetriever.java"
    ],
    "DomainWhitelist.java": [
      "src/main/java/com/abandonware/ai/service/rag/auth/DomainWhitelist.java",
      "src/main/java/com/example/lms/service/rag/auth/DomainWhitelist.java"
    ],
    "DomainProfileLoader.java": [
      "src/main/java/com/abandonware/ai/service/rag/auth/DomainProfileLoader.java",
      "src/main/java/com/example/lms/service/rag/auth/DomainProfileLoader.java"
    ],
    "AnswerComposer.java": [],
    "Pipeline.java": [
      "src/main/java/com/example/lms/fusion/GrandasFusionPipeline.java",
      "src/main/java/com/example/lms/service/guard/GuardPipeline.java"
    ],
    "SseEventPublisher.java": [
      "src/main/java/com/abandonware/ai/telemetry/SseEventPublisher.java",
      "src/main/java/com/example/lms/telemetry/DefaultSseEventPublisher.java",
      "src/main/java/com/example/lms/telemetry/LoggingSseEventPublisher.java",
      "src/main/java/com/example/lms/telemetry/SseEventPublisher.java",
      "src/main/java/telemetry/LoggingSseEventPublisher.java",
      "src/main/java/telemetry/SseEventPublisher.java"
    ],
    "SearchProbeController.java": [
      "app/src/main/java/com/example/lms/probe/SearchProbeController.java",
      "src/main/java/com/abandonware/ai/probe/SearchProbeController.java",
      "src/main/java/com/example/lms/probe/SearchProbeController.java"
    ],
    "SoakTestService.java": [
      "src/main/java/com/abandonware/ai/service/soak/SoakTestService.java",
      "src/main/java/com/example/lms/service/soak/SoakTestService.java"
    ]
  },
  "created_files": [
    "../../../../home/sandbox/app/src/main/java/service/rag/fusion/TailWeightedPowerMeanFuser.java",
    "../../../../home/sandbox/app/src/main/java/service/rag/fusion/CvarAggregator.java",
    "../../../../home/sandbox/app/src/main/java/service/rag/fusion/TwpmCvarFuser.java",
    "../../../../home/sandbox/app/src/main/java/service/rag/fusion/BodeClamp.java",
    "../../../../home/sandbox/app/src/main/java/service/rag/fusion/ScoreCalibrator.java",
    "../../../../home/sandbox/app/src/main/java/service/rag/fusion/support/UrlCanonicalizer.java",
    "../../../../home/sandbox/app/src/main/java/service/rag/allocation/Source.java",
    "../../../../home/sandbox/app/src/main/java/service/rag/allocation/RiskKAllocator.java",
    "../../../../home/sandbox/app/src/main/java/service/rag/rerank/DppDiversityReranker.java",
    "../../../../home/sandbox/app/src/main/java/service/rag/guard/FinalSigmoidGate.java",
    "../../../../home/sandbox/app/src/main/java/service/rag/guard/CitationGate.java",
    "../../../../home/sandbox/app/src/main/java/service/rag/guard/PiiSanitizer.java"
  ],
  "patch_notes": [
    "[2025-10-16T07:44:30.722444] Added Hypernova math & governance stubs under ../../../../home/sandbox/app/src/main/java/service/rag/* (12 files).",
    "[2025-10-16T07:44:30.722444] Annotated WeightedRRF.java with Hypernova fuse wrapper usage hint.",
    "[2025-10-16T07:44:30.722444] Annotated WeightedRRF.java with Hypernova fuse wrapper usage hint.",
    "[2025-10-16T07:44:30.722444] Annotated WeightedRRF.java with Hypernova fuse wrapper usage hint.",
    "[2025-10-16T07:44:30.722444] Annotated RetrievalOrderService.java with RiskKAllocator hint.",
    "[2025-10-16T07:44:30.722444] Annotated RetrievalOrderService.java with RiskKAllocator hint.",
    "[2025-10-16T07:44:30.722444] Annotated RetrievalOrderService.java with RiskKAllocator hint.",
    "[2025-10-16T07:44:30.722444] Annotated RetrievalOrderService.java with RiskKAllocator hint.",
    "[2025-10-16T07:44:30.722444] Annotated Pipeline.java with DPP stage hint.",
    "[2025-10-16T07:44:30.722444] Annotated Pipeline.java with DPP stage hint.",
    "[2025-10-16T07:44:30.722444] Failed to update application.yml: [Errno 2] No such file or directory: 'app/src/main/resources/application.yml'"
  ],
  "log_files_scanned": [
    "BUILD_ERROR_PATTERNS.md",
    "BUILD_ERROR_PATTERN_SCAN.md",
    "BUILD_FIX_APPLIED.md",
    "BUILD_FIX_NOTES.md",
    "BUILD_FIX_NOTES__77_bm25.md",
    "BUILD_FIX_NOTES__79_fusion.md",
    "BUILD_FIX_REPORT.json",
    "BUILD_FIX_REPORT.md",
    "BUILD_FIX_REPORT_68.json",
    "BUILD_FIX_REPORT__auto.json",
    "BUILD_FIX_REPORT__merge15.json",
    "BUILD_FIX_REPORT__merge15.md",
    "BUILD_FIX_REPORT__mergesw15.json",
    "BUILD_FIX_REPORT__yaml_alias_dedupe.json",
    "BUILD_FIX__onnx_cross_encoder.md",
    "BUILD_LOG.txt",
    "BUILD_PATTERN_REPORT.md",
    "BUILD_PATTERN_RUN.md",
    "BUILD_PATTERN_RUN__20251013_091240.md",
    "BUILD_PATTERN_SUMMARY.md",
    "MERGE_NOTE__merger17.txt",
    "MERGE_NOTE__mergerx15.txt",
    "PATCH_NOTES__settings_gradle_tools_scorecard.txt",
    "PATCH_SUMMARY_src111_merge15.txt",
    "PATCH_SUMMARY_src111_merge1d2.txt",
    "_assistant/diagnostics/build_error_patterns.json",
    "analysis/build_error_report.json",
    "analysis/build_patterns_aggregated.json",
    "app/build.gradle.kts",
    "app/build.gradle.kts.bak",
    "app/build.gradle.kts.bak2",
    "build.sh",
    "build/gradle/build.gradle.kts.snippet",
    "build/gradle/build.gradle.snippet",
    "build_error_patterns_summary.json",
    "cfvm-raw/build.gradle.kts",
    "cfvm-raw/build.gradle.kts.bak",
    "cfvm-raw/src/main/java/com/example/lms/cfvm/BuildLogSlotExtractor.java",
    "docs/build_error_history.json",
    "docs/build_error_history.md",
    "docs/errors_input.txt",
    "docs/snippets/wiring_example.java.txt",
    "lms-core/build.gradle.kts",
    "lms-core/build.gradle.kts.bak",
    "scripts/README_BUILD_WRAPPER.md",
    "scripts/analyze_build_output.py",
    "scripts/build.sh",
    "scripts/fix_build.ps1",
    "scripts/fix_build.sh",
    "src/docs/dependency-tree.txt"
  ],
  "error_pattern_counts": [
    [
      "error: cannot find symbol",
      149
    ],
    [
      "symbol:\\s+class\\s+\\w+",
      104
    ],
    [
      "BUILD FAILED",
      17
    ],
    [
      "found:\\s+[\\w<>\\[\\],\\s]+",
      11
    ],
    [
      "required:\\s+[\\w<>\\[\\],\\s]+",
      9
    ],
    [
      "error: method does not override or implement a method from a supertype",
      9
    ],
    [
      "error: package [\\w\\.]+ does not exist",
      4
    ],
    [
      "error: incompatible types:",
      3
    ]
  ],
  "error_pattern_examples": {
    "required:\\s+[\\w<>\\[\\],\\s]+": [
      {
        "file": "BUILD_FIX_NOTES.md",
        "context": "ervice in class ChatService cannot be applied to given types;\nclass AbandonWareAi_ChatService extends ChatService {\n^\n  required: QueryTransformer,CircuitBreaker,TimeLimiter,ChatHistoryService,QueryDisambiguationService,ChatModel,PromptService,CurrentModelRepository,RuleEngine,MemoryReinforcementService,FactVerifierService,DynamicChatModelFactory,LangChainRAGService,NaverSearchService,ChatMemoryProvider,QueryContextPreprocessor,StrategySelectorService,StrategyDecisionTracker,ContextualScorer,QueryAugmentationService,SmartQueryPlanner,Environment,QueryCorrectionService,PromptEngine,SmartFallbackService,ContextOrchestrator,HybridRetriever,NineArtPlateGate,PromptBuilder,ModelRouter,RerankerSelector,PromptOrchestrator,StreamingCoordinator,GuardPipeline,VerbosityDetector,SectionSpecGenerator,LengthVerifierService,AnswerExpanderService,MemoryHandler,MemoryWriteInterceptor,LearningWriteInterceptor,UnderstandAndMemorizeInterceptor,AttachmentService\n  found:    no arguments\n```\n\n**Root cause**  \n`ChatService` is annotated with `@RequiredArgsConstructor` (Lombok), thus it has"
      },
      {
        "file": "tools/Matrixtxt.snapshot.txt",
        "context": "turn new AnalyzeWebSearchRetriever(koreanAnalyzer, svc, maxTokens, preprocessor, smartQueryPlanner);\n               ^\n  required: no arguments\n  found:    Analyzer,NaverSearchService,int,QueryContextPreprocessor,SmartQueryPlanner\n  reason: actual and formal argument lis"
      }
    ],
    "found:\\s+[\\w<>\\[\\],\\s]+": [
      {
        "file": "BUILD_FIX_NOTES.md",
        "context": "vice,MemoryHandler,MemoryWriteInterceptor,LearningWriteInterceptor,UnderstandAndMemorizeInterceptor,AttachmentService\n  found:    no arguments\n```\n\n**Root cause**  \n`ChatService` is annotated with `@RequiredArgsConstructor` (Lombok), thus it has **no default cons"
      },
      {
        "file": "BUILD_PATTERN_SUMMARY.md",
        "context": "ing `RerankerStatus`.\n\n\n- `constructor ChatService in class ChatService cannot be applied to given types; required: ... found: no arguments` → **SuperConstructorMissing**\n  - Context: Subclass declares no constructor while the parent has only Lombok-generated"
      }
    ],
    "symbol:\\s+class\\s+\\w+": [
      {
        "file": "BUILD_FIX_NOTES__77_bm25.md",
        "context": ", or record expected` around lines with `} catch (Throwable ignore) { /* analyzer not on classpath */ }`\n- `cannot find symbol: class NoriAnalyzer` at:\n  - `com.abandonware.ai.agent.service.rag.bm25.Bm25IndexHolder`\n  - `com.abandonware.ai.agent.service.rag.bm25.Bm2"
      },
      {
        "file": "BUILD_FIX_NOTES__79_fusion.md",
        "context": " error: method fuse in class WeightedRRF cannot be applied to given types`\n- `FusionService.java:40: error: cannot find symbol: class SearchResult`\n\n## Root causes (mapped to internal build-error patterns)\n- **OverrideMismatch**: `@Override` present while the class "
      }
    ],
    "error: cannot find symbol": [
      {
        "file": "BUILD_FIX_NOTES__79_fusion.md",
        "context": "ionService.java:36: error: method fuse in class WeightedRRF cannot be applied to given types`\n- `FusionService.java:40: error: cannot find symbol: class SearchResult`\n\n## Root causes (mapped to internal build-error patterns)\n- **OverrideMismatch**: `@Override` pres"
      },
      {
        "file": "analysis/build_patterns_aggregated.json",
        "context": "itelist.isOfficial\"\n      ],\n      \"sample_error\": [\n        \"error: package service.rag.auth does not exist\",\n        \"error: cannot find symbol class DomainWhitelist\"\n      ]\n    }\n  ]\n}"
      }
    ],
    "error: method does not override or implement a method from a supertype": [
      {
        "file": "BUILD_FIX_NOTES__79_fusion.md",
        "context": "# Build Fix Notes — src111_merge15 (79)\n\n## Symptoms\n- `Bm25LocalRetriever.java:26: error: method does not override or implement a method from a supertype`\n- `FusionService.java:36: error: method fuse in class WeightedRRF cannot be applied to given types`\n- `FusionService.j"
      },
      {
        "file": "tools/Matrixtxt.snapshot.txt",
        "context": "lass ChatApiController\nC:\\AbandonWare\\demo-1\\demo-1\\src\\main\\java\\com\\example\\lms\\service\\impl\\ChatServiceImpl.java:23: error: method does not override or implement a method from a supertype\n    @Override\n    ^\nC:\\AbandonWare\\demo-1\\demo-1\\src\\main\\java\\com\\example\\lms\\service\\impl\\ChatServiceImpl.java:25: er"
      }
    ],
    "BUILD FAILED": [
      {
        "file": "_assistant/diagnostics/build_error_patterns.json",
        "context": "s not exist\",\n    \"line\": \"package lombok does not exist\"\n  },\n  {\n    \"file\": \"src/fix-and-build.ps1\",\n    \"pattern\": \"BUILD FAILED\",\n    \"line\": \"BUILD FAILED\"\n  },\n  {\n    \"file\": \"tools/Matrixtxt.snapshot.txt\",\n    \"pattern\": \"cannot find symbol\",\n"
      },
      {
        "file": "_assistant/diagnostics/build_error_patterns.json",
        "context": "ackage lombok does not exist\"\n  },\n  {\n    \"file\": \"src/fix-and-build.ps1\",\n    \"pattern\": \"BUILD FAILED\",\n    \"line\": \"BUILD FAILED\"\n  },\n  {\n    \"file\": \"tools/Matrixtxt.snapshot.txt\",\n    \"pattern\": \"cannot find symbol\",\n    \"line\": \"cannot find sym"
      }
    ],
    "error: package [\\w\\.]+ does not exist": [
      {
        "file": "analysis/build_patterns_aggregated.json",
        "context": "mainWhitelist\",\n        \"replace whitelist.isAllowed -> whitelist.isOfficial\"\n      ],\n      \"sample_error\": [\n        \"error: package service.rag.auth does not exist\",\n        \"error: cannot find symbol class DomainWhitelist\"\n      ]\n    }\n  ]\n}"
      },
      {
        "file": "build_error_patterns_summary.json",
        "context": "ms.service\\nC:\\\\AbandonWare\\\\demo-1\\\\demo-1\\\\src\\\\main\\\\java\\\\com\\\\example\\\\lms\\\\service\\\\impl\\\\ChatServiceImpl.java:8: error: package com.example.lms.service.ChatService does not exist\\nimport com.example.lms.service.ChatService.ChatResult;\"\n  ],\n  \"unreachable_statement_finally\": [\n    \"Unreachable sta"
      }
    ],
    "error: incompatible types:": [
      {
        "file": "tools/Matrixtxt.snapshot.txt",
        "context": "pe\n    @Override\n    ^\nC:\\AbandonWare\\demo-1\\demo-1\\src\\main\\java\\com\\example\\lms\\service\\impl\\ChatServiceImpl.java:25: error: incompatible types: com.example.lms.service.ChatOrchestrator.ChatResult cannot be converted to com.example.lms.service.ChatService.ChatResu"
      },
      {
        "file": "tools/Matrixtxt.snapshot.txt",
        "context": "pe\n    @Override\n    ^\nC:\\AbandonWare\\demo-1\\demo-1\\src\\main\\java\\com\\example\\lms\\service\\impl\\ChatServiceImpl.java:31: error: incompatible types: com.example.lms.service.ChatOrchestrator.ChatResult cannot be converted to com.example.lms.service.ChatService.ChatResu"
      }
    ]
  }
}