{
  "JavacIllegalStartOfType": [
    {
      "source": "/mnt/data/work/stuff4/src111_merge15 - 2025-10-27T214414.465/BUILD_FIX_NOTES.md",
      "example": "## src111_merge15 — Fix #001 (2025-10-12) **Error Pattern:** `illegal start of expression` (unmatched constructor brace) - **Detector:** cfvm-raw<path> (pattern `ILLEGAL_START` didn't match 'expression', only 'type') - **Incident:** QdrantClient.java line <n> (`public List... search(...)`) declared before closing constructor block."
    },
    {
      "source": "/mnt/data/work/stuff4/src111_merge15 - 2025-10-27T214414.465/BUILD_PATTERN_SUMMARY.md",
      "example": "- `cannot find symbol` → **MissingSymbol** - `duplicate class` → **DuplicateClass** - `illegal start of type` → **IllegalStartOfType** - `class, interface, enum, or record expected` → **ClassOrInterfaceExpected** - `package ... does not exist` → **PackageNotFound**"
    },
    {
      "source": "/mnt/data/work/stuff4/src111_merge15 - 2025-10-27T214414.465/BUILD_PATTERN_SUMMARY.md",
      "example": "**New pattern (auto-appended — 2025-10-24 00:<n>:53Z):** - `illegal start of expression` caused by `; * authorityDecayMultiplier` after a closed expression. **Fix:** fold the multiply into the same expression: `double score = (sim + subjectTerm + genericTerm + ruleDelta + (synergyBonus * synergyWeight)) * authorityDecayMultiplier;`"
    },
    {
      "source": "/mnt/data/work/stuff4/src111_merge15 - 2025-10-27T214414.465/BUILD_ERROR_PATTERN_SCAN.md",
      "example": "Files: - <path>:12 — illegal start of expression - <path>:19 — class, interface, enum, or record expected - <path>:11 — illegal start of expression"
    },
    {
      "source": "/mnt/data/work/stuff4/src111_merge15 - 2025-10-27T214414.465/BUILD_ERROR_PATTERN_SCAN.md",
      "example": "- <path>:12 — illegal start of expression - <path>:19 — class, interface, enum, or record expected - <path>:11 — illegal start of expression - <path>:19 — class, interface, enum, or record expected - <path>:14 — illegal start of expression"
    },
    {
      "source": "/mnt/data/work/stuff4/src111_merge15 - 2025-10-27T214414.465/BUILD_PATTERN_REPORT.md",
      "example": "## Findings - Current error: **`illegal start of expression`** → *not matched* by existing `ILLEGAL_START` (which expects `type`). **Root cause located:** missing `}` closing brace after constructor in `QdrantClient.java`."
    },
    {
      "source": "/mnt/data/work/stuff4/src111_merge15 - 2025-10-27T214414.465/BUILD_FIX__onnx_cross_encoder.md",
      "example": "**Problem** `illegal start of expression`/`illegal start of type` around `resolveBudgetMs(...)` in multiple `OnnxCrossEncoderReranker.java` variants. Root cause: stray tokens (`...`) and brace imbalance from partial snippets caused methods to appear inside expression contexts."
    },
    {
      "source": "/mnt/data/work/stuff4/src111_merge15 - 2025-10-27T214414.465/build_error_patterns_summary.json",
      "example": "\"illegal_start_of_expression\": [ { \"pattern\": \"illegal start of expression\", \"signature\": \"double score = (...) ; * authorityDecayMultiplier;\", \"file\": \"src<path>"
    },
    {
      "source": "/mnt/data/work/stuff4/src111_merge15 - 2025-10-27T214414.465/analysis/build_patterns_aggregated.json",
      "example": "}, { \"pattern\": \"illegal start of type\", \"code\": \"IllegalStartOfType\" },"
    },
    {
      "source": "/mnt/data/work/stuff4/src111_merge15 - 2025-10-27T214414.465/analysis/build_fix_applied.json",
      "example": "}, { \"pattern\": \"illegal start of type\", \"code\": \"IllegalStartOfType\" },"
    },
    {
      "source": "/mnt/data/work/stuff4/src111_merge15 - 2025-10-27T214414.465/devtools/build/error_patterns.json",
      "example": "\"file\": \"<path> \"line\": 12, \"message\": \"illegal start of expression\" }, {"
    },
    {
      "source": "/mnt/data/work/stuff4/src111_merge15 - 2025-10-27T214414.465/devtools/build/error_patterns.json",
      "example": "\"file\": \"<path> \"line\": 11, \"message\": \"illegal start of expression\" }, {"
    },
    {
      "source": "/mnt/data/work/stuff4/src111_merge15 - 2025-10-27T214414.465/docs/build_error_memory__docblock.md",
      "example": "- `class, interface, enum, or record expected` around lines that begin with prose such as `class replaces ...` - `illegal character: '#'` or `illegal character: '\\u2011'` where Javadoc `{@link Optional#empty()}` or non‑ASCII punctuation leaked into code - `illegal start of type` where a `* @param` line appears without an opening comment ## Heuristic detectors"
    },
    {
      "source": "/mnt/data/work/stuff4/src111_merge15 - 2025-10-27T214414.465/docs/build_error_memory__neutralized_block_closer.md",
      "example": "- 전형적 로그: - `error: unclosed comment` (여러 파일) - 직후 `reached end of file while parsing`, `illegal start of expression`, `'var' is not allowed here` 등 **연쇄 오류**. 시그니처"
    },
    {
      "source": "/mnt/data/work/stuff4/src111_merge15 - 2025-10-27T214414.465/scripts/analyze_build_output.py",
      "example": "\"java_classfile_not_found\": re.compile(r\"class file for<path> found\", re.I), \"java_compilation_failed\": re.compile(r\"<path>:s)?\\s*$\", re.I | re.M), \"java_illegal_start\": re.compile(r\"illegal start of expression\", re.I), \"java_incompatible_types\": re.compile(r\"incompatible types:\", re.I), \"java_unreachable_statement\": re.compile(r\"unreachable statement\", re.I),"
    },
    {
      "source": "/mnt/data/work/stuff4/src111_merge15 - 2025-10-28T010004.821/BUILD_FIX_NOTES.md",
      "example": "## src111_merge15 — Fix #001 (2025-10-12) **Error Pattern:** `illegal start of expression` (unmatched constructor brace) - **Detector:** cfvm-raw<path> (pattern `ILLEGAL_START` didn't match 'expression', only 'type') - **Incident:** QdrantClient.java line <n> (`public List... search(...)`) declared before closing constructor block."
    },
    {
      "source": "/mnt/data/work/stuff4/src111_merge15 - 2025-10-28T010004.821/BUILD_PATTERN_SUMMARY.md",
      "example": "- `cannot find symbol` → **MissingSymbol** - `duplicate class` → **DuplicateClass** - `illegal start of type` → **IllegalStartOfType** - `class, interface, enum, or record expected` → **ClassOrInterfaceExpected** - `package ... does not exist` → **PackageNotFound**"
    },
    {
      "source": "/mnt/data/work/stuff4/src111_merge15 - 2025-10-28T010004.821/BUILD_PATTERN_SUMMARY.md",
      "example": "**New pattern (auto-appended — 2025-10-24 00:<n>:53Z):** - `illegal start of expression` caused by `; * authorityDecayMultiplier` after a closed expression. **Fix:** fold the multiply into the same expression: `double score = (sim + subjectTerm + genericTerm + ruleDelta + (synergyBonus * synergyWeight)) * authorityDecayMultiplier;`"
    },
    {
      "source": "/mnt/data/work/stuff4/src111_merge15 - 2025-10-28T010004.821/BUILD_ERROR_PATTERN_SCAN.md",
      "example": "Files: - <path>:12 — illegal start of expression - <path>:19 — class, interface, enum, or record expected - <path>:11 — illegal start of expression"
    },
    {
      "source": "/mnt/data/work/stuff4/src111_merge15 - 2025-10-28T010004.821/BUILD_ERROR_PATTERN_SCAN.md",
      "example": "- <path>:12 — illegal start of expression - <path>:19 — class, interface, enum, or record expected - <path>:11 — illegal start of expression - <path>:19 — class, interface, enum, or record expected - <path>:14 — illegal start of expression"
    },
    {
      "source": "/mnt/data/work/stuff4/src111_merge15 - 2025-10-28T010004.821/BUILD_PATTERN_REPORT.md",
      "example": "## Findings - Current error: **`illegal start of expression`** → *not matched* by existing `ILLEGAL_START` (which expects `type`). **Root cause located:** missing `}` closing brace after constructor in `QdrantClient.java`."
    },
    {
      "source": "/mnt/data/work/stuff4/src111_merge15 - 2025-10-28T010004.821/BUILD_FIX__onnx_cross_encoder.md",
      "example": "**Problem** `illegal start of expression`/`illegal start of type` around `resolveBudgetMs(...)` in multiple `OnnxCrossEncoderReranker.java` variants. Root cause: stray tokens (`...`) and brace imbalance from partial snippets caused methods to appear inside expression contexts."
    },
    {
      "source": "/mnt/data/work/stuff4/src111_merge15 - 2025-10-28T010004.821/build_error_patterns_summary.json",
      "example": "\"illegal_start_of_expression\": [ { \"pattern\": \"illegal start of expression\", \"signature\": \"double score = (...) ; * authorityDecayMultiplier;\", \"file\": \"src<path>"
    },
    {
      "source": "/mnt/data/work/stuff4/src111_merge15 - 2025-10-28T010004.821/analysis/build_patterns_aggregated.json",
      "example": "}, { \"pattern\": \"illegal start of type\", \"code\": \"IllegalStartOfType\" },"
    },
    {
      "source": "/mnt/data/work/stuff4/src111_merge15 - 2025-10-28T010004.821/analysis/build_fix_applied.json",
      "example": "}, { \"pattern\": \"illegal start of type\", \"code\": \"IllegalStartOfType\" },"
    },
    {
      "source": "/mnt/data/work/stuff4/src111_merge15 - 2025-10-28T010004.821/devtools/build/error_patterns.json",
      "example": "\"file\": \"<path> \"line\": 12, \"message\": \"illegal start of expression\" }, {"
    },
    {
      "source": "/mnt/data/work/stuff4/src111_merge15 - 2025-10-28T010004.821/devtools/build/error_patterns.json",
      "example": "\"file\": \"<path> \"line\": 11, \"message\": \"illegal start of expression\" }, {"
    },
    {
      "source": "/mnt/data/work/stuff4/src111_merge15 - 2025-10-28T010004.821/docs/build_error_memory__docblock.md",
      "example": "- `class, interface, enum, or record expected` around lines that begin with prose such as `class replaces ...` - `illegal character: '#'` or `illegal character: '\\u2011'` where Javadoc `{@link Optional#empty()}` or non‑ASCII punctuation leaked into code - `illegal start of type` where a `* @param` line appears without an opening comment ## Heuristic detectors"
    },
    {
      "source": "/mnt/data/work/stuff4/src111_merge15 - 2025-10-28T010004.821/docs/build_error_memory__neutralized_block_closer.md",
      "example": "- 전형적 로그: - `error: unclosed comment` (여러 파일) - 직후 `reached end of file while parsing`, `illegal start of expression`, `'var' is not allowed here` 등 **연쇄 오류**. 시그니처"
    },
    {
      "source": "/mnt/data/work/stuff4/src111_merge15 - 2025-10-28T010004.821/scripts/analyze_build_output.py",
      "example": "\"java_classfile_not_found\": re.compile(r\"class file for<path> found\", re.I), \"java_compilation_failed\": re.compile(r\"<path>:s)?\\s*$\", re.I | re.M), \"java_illegal_start\": re.compile(r\"illegal start of expression\", re.I), \"java_incompatible_types\": re.compile(r\"incompatible types:\", re.I), \"java_unreachable_statement\": re.compile(r\"unreachable statement\", re.I),"
    },
    {
      "source": "/mnt/data/work/stuff4/src111_merge15 - 2025-10-27T222650.778/BUILD_FIX_NOTES.md",
      "example": "## src111_merge15 — Fix #001 (2025-10-12) **Error Pattern:** `illegal start of expression` (unmatched constructor brace) - **Detector:** cfvm-raw<path> (pattern `ILLEGAL_START` didn't match 'expression', only 'type') - **Incident:** QdrantClient.java line <n> (`public List... search(...)`) declared before closing constructor block."
    },
    {
      "source": "/mnt/data/work/stuff4/src111_merge15 - 2025-10-27T222650.778/BUILD_PATTERN_SUMMARY.md",
      "example": "- `cannot find symbol` → **MissingSymbol** - `duplicate class` → **DuplicateClass** - `illegal start of type` → **IllegalStartOfType** - `class, interface, enum, or record expected` → **ClassOrInterfaceExpected** - `package ... does not exist` → **PackageNotFound**"
    },
    {
      "source": "/mnt/data/work/stuff4/src111_merge15 - 2025-10-27T222650.778/BUILD_PATTERN_SUMMARY.md",
      "example": "**New pattern (auto-appended — 2025-10-24 00:<n>:53Z):** - `illegal start of expression` caused by `; * authorityDecayMultiplier` after a closed expression. **Fix:** fold the multiply into the same expression: `double score = (sim + subjectTerm + genericTerm + ruleDelta + (synergyBonus * synergyWeight)) * authorityDecayMultiplier;`"
    },
    {
      "source": "/mnt/data/work/stuff4/src111_merge15 - 2025-10-27T222650.778/BUILD_ERROR_PATTERN_SCAN.md",
      "example": "Files: - <path>:12 — illegal start of expression - <path>:19 — class, interface, enum, or record expected - <path>:11 — illegal start of expression"
    },
    {
      "source": "/mnt/data/work/stuff4/src111_merge15 - 2025-10-27T222650.778/BUILD_ERROR_PATTERN_SCAN.md",
      "example": "- <path>:12 — illegal start of expression - <path>:19 — class, interface, enum, or record expected - <path>:11 — illegal start of expression - <path>:19 — class, interface, enum, or record expected - <path>:14 — illegal start of expression"
    },
    {
      "source": "/mnt/data/work/stuff4/src111_merge15 - 2025-10-27T222650.778/BUILD_PATTERN_REPORT.md",
      "example": "## Findings - Current error: **`illegal start of expression`** → *not matched* by existing `ILLEGAL_START` (which expects `type`). **Root cause located:** missing `}` closing brace after constructor in `QdrantClient.java`."
    },
    {
      "source": "/mnt/data/work/stuff4/src111_merge15 - 2025-10-27T222650.778/BUILD_FIX__onnx_cross_encoder.md",
      "example": "**Problem** `illegal start of expression`/`illegal start of type` around `resolveBudgetMs(...)` in multiple `OnnxCrossEncoderReranker.java` variants. Root cause: stray tokens (`...`) and brace imbalance from partial snippets caused methods to appear inside expression contexts."
    },
    {
      "source": "/mnt/data/work/stuff4/src111_merge15 - 2025-10-27T222650.778/build_error_patterns_summary.json",
      "example": "\"illegal_start_of_expression\": [ { \"pattern\": \"illegal start of expression\", \"signature\": \"double score = (...) ; * authorityDecayMultiplier;\", \"file\": \"src<path>"
    },
    {
      "source": "/mnt/data/work/stuff4/src111_merge15 - 2025-10-27T222650.778/analysis/build_patterns_aggregated.json",
      "example": "}, { \"pattern\": \"illegal start of type\", \"code\": \"IllegalStartOfType\" },"
    },
    {
      "source": "/mnt/data/work/stuff4/src111_merge15 - 2025-10-27T222650.778/analysis/build_fix_applied.json",
      "example": "}, { \"pattern\": \"illegal start of type\", \"code\": \"IllegalStartOfType\" },"
    },
    {
      "source": "/mnt/data/work/stuff4/src111_merge15 - 2025-10-27T222650.778/devtools/build/error_patterns.json",
      "example": "\"file\": \"<path> \"line\": 12, \"message\": \"illegal start of expression\" }, {"
    },
    {
      "source": "/mnt/data/work/stuff4/src111_merge15 - 2025-10-27T222650.778/devtools/build/error_patterns.json",
      "example": "\"file\": \"<path> \"line\": 11, \"message\": \"illegal start of expression\" }, {"
    },
    {
      "source": "/mnt/data/work/stuff4/src111_merge15 - 2025-10-27T222650.778/docs/build_error_memory__docblock.md",
      "example": "- `class, interface, enum, or record expected` around lines that begin with prose such as `class replaces ...` - `illegal character: '#'` or `illegal character: '\\u2011'` where Javadoc `{@link Optional#empty()}` or non‑ASCII punctuation leaked into code - `illegal start of type` where a `* @param` line appears without an opening comment ## Heuristic detectors"
    },
    {
      "source": "/mnt/data/work/stuff4/src111_merge15 - 2025-10-27T222650.778/docs/build_error_memory__neutralized_block_closer.md",
      "example": "- 전형적 로그: - `error: unclosed comment` (여러 파일) - 직후 `reached end of file while parsing`, `illegal start of expression`, `'var' is not allowed here` 등 **연쇄 오류**. 시그니처"
    },
    {
      "source": "/mnt/data/work/stuff4/src111_merge15 - 2025-10-27T222650.778/scripts/analyze_build_output.py",
      "example": "\"java_classfile_not_found\": re.compile(r\"class file for<path> found\", re.I), \"java_compilation_failed\": re.compile(r\"<path>:s)?\\s*$\", re.I | re.M), \"java_illegal_start\": re.compile(r\"illegal start of expression\", re.I), \"java_incompatible_types\": re.compile(r\"incompatible types:\", re.I), \"java_unreachable_statement\": re.compile(r\"unreachable statement\", re.I),"
    }
  ],
  "JavacDuplicateClass": [
    {
      "source": "/mnt/data/work/stuff4/src111_merge15 - 2025-10-27T214414.465/BUILD_PATTERN_SUMMARY.md",
      "example": "- `cannot find symbol` → **MissingSymbol** - `duplicate class` → **DuplicateClass** - `illegal start of type` → **IllegalStartOfType** - `class, interface, enum, or record expected` → **ClassOrInterfaceExpected**"
    },
    {
      "source": "/mnt/data/work/stuff4/src111_merge15 - 2025-10-27T214414.465/analysis/build_patterns_aggregated.json",
      "example": "}, { \"pattern\": \"duplicate class\", \"code\": \"DuplicateClass\" },"
    },
    {
      "source": "/mnt/data/work/stuff4/src111_merge15 - 2025-10-27T214414.465/analysis/build_patterns_aggregated.json",
      "example": "}, { \"pattern\": \"duplicate class: .*_abandonware_backup.*\", \"code\": \"DuplicateClassAbandonwareBackup\" }"
    },
    {
      "source": "/mnt/data/work/stuff4/src111_merge15 - 2025-10-27T214414.465/analysis/build_fix_applied.json",
      "example": "}, { \"pattern\": \"duplicate class\", \"code\": \"DuplicateClass\" },"
    },
    {
      "source": "/mnt/data/work/stuff4/src111_merge15 - 2025-10-27T214414.465/build/error-patterns.json",
      "example": "{ \"code\": \"DuplicateClassAbandonwareBackup\", \"pattern\": \"duplicate class: .*_abandonware_backup.*\", \"example\": \"<path>:<n>: error: duplicate class: com.abandonware.ai.addons.budget.CancelToken\", \"fix\": ["
    },
    {
      "source": "/mnt/data/work/stuff4/src111_merge15 - 2025-10-27T214414.465/build/error-patterns.json",
      "example": "\"code\": \"DuplicateClassAbandonwareBackup\", \"pattern\": \"duplicate class: .*_abandonware_backup.*\", \"example\": \"<path>:<n>: error: duplicate class: com.abandonware.ai.addons.budget.CancelToken\", \"fix\": [ \"Move src<path> -> backup/_abandonware_backup (outside source set)\","
    },
    {
      "source": "/mnt/data/work/stuff4/src111_merge15 - 2025-10-27T214414.465/docs/BUILD_FIX_NOTES__src111_msaerge15.md",
      "example": "## Summary - Fixed Gradle compilation failure caused by duplicate classes coming from `src<path> - Implemented **build-time exclusion** for the backup folder across all Gradle modules. - Emitted **duplicate-class scan report** at `tools<path>"
    },
    {
      "source": "/mnt/data/work/stuff4/src111_merge15 - 2025-10-28T010004.821/BUILD_PATTERN_SUMMARY.md",
      "example": "- `cannot find symbol` → **MissingSymbol** - `duplicate class` → **DuplicateClass** - `illegal start of type` → **IllegalStartOfType** - `class, interface, enum, or record expected` → **ClassOrInterfaceExpected**"
    },
    {
      "source": "/mnt/data/work/stuff4/src111_merge15 - 2025-10-28T010004.821/analysis/build_patterns_aggregated.json",
      "example": "}, { \"pattern\": \"duplicate class\", \"code\": \"DuplicateClass\" },"
    },
    {
      "source": "/mnt/data/work/stuff4/src111_merge15 - 2025-10-28T010004.821/analysis/build_patterns_aggregated.json",
      "example": "}, { \"pattern\": \"duplicate class: .*_abandonware_backup.*\", \"code\": \"DuplicateClassAbandonwareBackup\" }"
    },
    {
      "source": "/mnt/data/work/stuff4/src111_merge15 - 2025-10-28T010004.821/analysis/build_fix_applied.json",
      "example": "}, { \"pattern\": \"duplicate class\", \"code\": \"DuplicateClass\" },"
    },
    {
      "source": "/mnt/data/work/stuff4/src111_merge15 - 2025-10-28T010004.821/build/error-patterns.json",
      "example": "{ \"code\": \"DuplicateClassAbandonwareBackup\", \"pattern\": \"duplicate class: .*_abandonware_backup.*\", \"example\": \"<path>:<n>: error: duplicate class: com.abandonware.ai.addons.budget.CancelToken\", \"fix\": ["
    },
    {
      "source": "/mnt/data/work/stuff4/src111_merge15 - 2025-10-28T010004.821/build/error-patterns.json",
      "example": "\"code\": \"DuplicateClassAbandonwareBackup\", \"pattern\": \"duplicate class: .*_abandonware_backup.*\", \"example\": \"<path>:<n>: error: duplicate class: com.abandonware.ai.addons.budget.CancelToken\", \"fix\": [ \"Move src<path> -> backup/_abandonware_backup (outside source set)\","
    },
    {
      "source": "/mnt/data/work/stuff4/src111_merge15 - 2025-10-28T010004.821/docs/BUILD_FIX_NOTES__src111_msaerge15.md",
      "example": "## Summary - Fixed Gradle compilation failure caused by duplicate classes coming from `src<path> - Implemented **build-time exclusion** for the backup folder across all Gradle modules. - Emitted **duplicate-class scan report** at `tools<path>"
    },
    {
      "source": "/mnt/data/work/stuff4/src111_merge15 - 2025-10-27T222650.778/BUILD_PATTERN_SUMMARY.md",
      "example": "- `cannot find symbol` → **MissingSymbol** - `duplicate class` → **DuplicateClass** - `illegal start of type` → **IllegalStartOfType** - `class, interface, enum, or record expected` → **ClassOrInterfaceExpected**"
    },
    {
      "source": "/mnt/data/work/stuff4/src111_merge15 - 2025-10-27T222650.778/analysis/build_patterns_aggregated.json",
      "example": "}, { \"pattern\": \"duplicate class\", \"code\": \"DuplicateClass\" },"
    },
    {
      "source": "/mnt/data/work/stuff4/src111_merge15 - 2025-10-27T222650.778/analysis/build_patterns_aggregated.json",
      "example": "}, { \"pattern\": \"duplicate class: .*_abandonware_backup.*\", \"code\": \"DuplicateClassAbandonwareBackup\" }"
    },
    {
      "source": "/mnt/data/work/stuff4/src111_merge15 - 2025-10-27T222650.778/analysis/build_fix_applied.json",
      "example": "}, { \"pattern\": \"duplicate class\", \"code\": \"DuplicateClass\" },"
    },
    {
      "source": "/mnt/data/work/stuff4/src111_merge15 - 2025-10-27T222650.778/build/error-patterns.json",
      "example": "{ \"code\": \"DuplicateClassAbandonwareBackup\", \"pattern\": \"duplicate class: .*_abandonware_backup.*\", \"example\": \"<path>:<n>: error: duplicate class: com.abandonware.ai.addons.budget.CancelToken\", \"fix\": ["
    },
    {
      "source": "/mnt/data/work/stuff4/src111_merge15 - 2025-10-27T222650.778/build/error-patterns.json",
      "example": "\"code\": \"DuplicateClassAbandonwareBackup\", \"pattern\": \"duplicate class: .*_abandonware_backup.*\", \"example\": \"<path>:<n>: error: duplicate class: com.abandonware.ai.addons.budget.CancelToken\", \"fix\": [ \"Move src<path> -> backup/_abandonware_backup (outside source set)\","
    },
    {
      "source": "/mnt/data/work/stuff4/src111_merge15 - 2025-10-27T222650.778/docs/BUILD_FIX_NOTES__src111_msaerge15.md",
      "example": "## Summary - Fixed Gradle compilation failure caused by duplicate classes coming from `src<path> - Implemented **build-time exclusion** for the backup folder across all Gradle modules. - Emitted **duplicate-class scan report** at `tools<path>"
    }
  ],
  "JavacClassInterfaceExpected": [
    {
      "source": "/mnt/data/work/stuff4/src111_merge15 - 2025-10-27T214414.465/BUILD_PATTERN_SUMMARY.md",
      "example": "- `duplicate class` → **DuplicateClass** - `illegal start of type` → **IllegalStartOfType** - `class, interface, enum, or record expected` → **ClassOrInterfaceExpected** - `package ... does not exist` → **PackageNotFound**"
    },
    {
      "source": "/mnt/data/work/stuff4/src111_merge15 - 2025-10-27T214414.465/BUILD_ERROR_PATTERN_SCAN.md",
      "example": "Files: - <path>:12 — illegal start of expression - <path>:19 — class, interface, enum, or record expected - <path>:11 — illegal start of expression - <path>:19 — class, interface, enum, or record expected"
    },
    {
      "source": "/mnt/data/work/stuff4/src111_merge15 - 2025-10-27T214414.465/BUILD_ERROR_PATTERN_SCAN.md",
      "example": "- <path>:19 — class, interface, enum, or record expected - <path>:11 — illegal start of expression - <path>:19 — class, interface, enum, or record expected - <path>:14 — illegal start of expression - <path>:40 — class, interface, enum, or record expected"
    },
    {
      "source": "/mnt/data/work/stuff4/src111_merge15 - 2025-10-27T214414.465/BUILD_FIX_NOTES__77_bm25.md",
      "example": "## Errors observed - `class, interface, enum, or record expected` around lines with `} catch (Throwable ignore) { /* analyzer not on classpath */ }` - `cannot find symbol: class NoriAnalyzer` at: - `com.abandonware.ai.agent.service.rag.bm25.Bm25IndexHolder`"
    },
    {
      "source": "/mnt/data/work/stuff4/src111_merge15 - 2025-10-27T214414.465/MERGE_NOTE__mergerx15.txt",
      "example": "Fix: compileJava failures (illegal start/class expected) in com.abandonwareai/* Changes:"
    },
    {
      "source": "/mnt/data/work/stuff4/src111_merge15 - 2025-10-27T214414.465/build_error_patterns_summary.json",
      "example": "\"^\\n<path>:<n>: error: cannot find symbol\\nimport com.example.lms.service.ChatService;\", \"cannot find symbol log (ChatApiController 등)\\tLombok 미적용/중복 정의\\t@Slf4j로 통일(중복 Logger import 제거), 필요 시 수동 Logger 한 줄 대안 주석\\ncannot find symbol ChatService (컨트롤러<path> 파일 경로 부재<path> 직접 추가\\nincompatible types: ChatOrchestrator.ChatResult -> ChatService.ChatResult\\t반환타입 불일치\\ttoServiceResult(...) 어댑터로 변환 후 반환\", \"interface expected here (ChatServiceImpl implements ChatService)\\tChatService가 클래스(레거시)로 남아있던 충돌\\t레거시를 legacy/ChatServiceLegacy로 이동/개명 + 인터페이스 도입\\ncannot find symbol log (ChatApiController 등)\\tLombok 미적용/중복 정의\\t@Slf4j로 통일(중복 Logger import 제거), 필요 시 수동 Logger 한 줄 대안 주석\\ncannot find symbol ChatService (컨트롤러<path> 파일 경로 부재<path> 직접 추가\", \"“빌드 에러 패턴 메모리” 적용 요약\\n패턴 감지: 서비스 인터페이스 유실 → 전 계층에서 cannot find symbol 다발\\n\", \"과거 수집 요약: build_error_patterns.csv, build_error_patterns_summary.csv, build_error_patterns_by_config.csv\\n→ 이번 오류는 구성 파일의 missing_symbol 규칙과 정확히 일치합니다(“Cannot find symbol”).\\n\","
    },
    {
      "source": "/mnt/data/work/stuff4/src111_merge15 - 2025-10-27T214414.465/build_error_patterns_summary.json",
      "example": "], \"class_or_record_expected\": [ \"\\nerror: class, interface, enum, or record expected\\n이는 파일의 클래스 범위 밖에 }가 더 존재할 때 흔히 발생합니다.\", \"> Task :compileJava FAILED\\n<path>:<n>: error: class, interface, enum, or record expected\\n}\", \"Reasoned for 12m 59s\\n다 확인했습니다. 핵심 원인은 NaverProvider.java 말미에 } 가 1개 더 있어서 클래스 블록 밖으로 나간 것입니다. Gradle가 “class, interface, enum, or record expected”를 뿜는 전형적인 상황이죠. 동일 문제가 두 군데에 있었습니다.\\n\","
    },
    {
      "source": "/mnt/data/work/stuff4/src111_merge15 - 2025-10-27T214414.465/.build/error_patterns_db.json",
      "example": "], \"java.incompatible_types\": [ \" \\\"> Task :compileJava FAILED<path>:<path>:<n>: error: cannot find symbol<path> com.example.lms.service.ChatService;<path> <path>:<path>:<n>: error: cannot find symbol<path> com.example.lms.service.ChatService;<path> \\\"cannot find symbol log (ChatApiController 등)<path> 미적용/중복 정의<path> 통일(중복 Logger import 제거), 필요 시 수동 Logger 한 줄 대안 주석<path> find symbol ChatService (컨트롤러<path> 파일 경로 부재<path> 직접 추가<path> types: ChatOrchestrator.ChatResult -> ChatService.ChatResult<path> 불일치<path> 어댑터로 변환 후 반환<path> \\\"interface expected here (ChatServiceImpl implements ChatService)<path> 클래스(레거시)로 남아있던 충돌<path> legacy/ChatServiceLegacy로 이동/개명 + 인터페이스 도입<path> find symbol log (ChatApiController 등)<path> 미적용/중복 정의<path> 통일(중복 Logger import 제거), 필요 시 수동 Logger 한 줄 대안 주석<path> find symbol ChatService (컨트롤러<path> 파일 경로 부재<path> 직접 추가<path> \\\"“빌드 에러 패턴 메모리” 적용 요약<path> 감지: 서비스 인터페이스 유실 → 전 계층에서 cannot find symbol 다발<path> ], \"gradle.dependency_resolution\": ["
    },
    {
      "source": "/mnt/data/work/stuff4/src111_merge15 - 2025-10-27T214414.465/analysis/build_patterns_aggregated.json",
      "example": "}, { \"pattern\": \"class, interface, enum, or record expected\", \"code\": \"ClassOrInterfaceExpected\" },"
    },
    {
      "source": "/mnt/data/work/stuff4/src111_merge15 - 2025-10-27T214414.465/analysis/build_fix_applied.json",
      "example": "}, { \"pattern\": \"class, interface, enum, or record expected\", \"code\": \"ClassOrInterfaceExpected\" },"
    },
    {
      "source": "/mnt/data/work/stuff4/src111_merge15 - 2025-10-27T214414.465/devtools/build/error_patterns.json",
      "example": "\"file\": \"<path> \"line\": 19, \"message\": \"class, interface, enum, or record expected\" }, {"
    },
    {
      "source": "/mnt/data/work/stuff4/src111_merge15 - 2025-10-27T214414.465/devtools/build/error_patterns.json",
      "example": "\"file\": \"<path> \"line\": 19, \"message\": \"class, interface, enum, or record expected\" }, {"
    },
    {
      "source": "/mnt/data/work/stuff4/src111_merge15 - 2025-10-27T214414.465/docs/build_error_memory__docblock.md",
      "example": "## Symptoms (examples from Gradle compile) - `'{'' expected` right after a sentence like `enum to satisfy ... */` - `class, interface, enum, or record expected` around lines that begin with prose such as `class replaces ...` - `illegal character: '#'` or `illegal character: '\\u2011'` where Javadoc `{@link Optional#empty()}` or non‑ASCII punctuation leaked into code - `illegal start of type` where a `* @param` line appears without an opening comment"
    },
    {
      "source": "/mnt/data/work/stuff4/src111_merge15 - 2025-10-27T214414.465/tools/Matrixtxt.snapshot.txt",
      "example": "public class ChatService { ^ <path>:<n>: error: interface expected here public class ChatServiceImpl implements ChatService { ^"
    },
    {
      "source": "/mnt/data/work/stuff4/src111_merge15 - 2025-10-27T214414.465/tools/Matrixtxt.snapshot.txt",
      "example": "상단에 “백업 파일, 컴파일 충돌 방지용” 주석 추가. 2) ChatServiceImpl implements ChatService 에서 “interface expected here” 증상: 백업 충돌 탓에 ChatService가 클래스로 인식되어 implements 지점에서 실패."
    },
    {
      "source": "/mnt/data/work/stuff4/src111_merge15 - 2025-10-28T010004.821/BUILD_PATTERN_SUMMARY.md",
      "example": "- `duplicate class` → **DuplicateClass** - `illegal start of type` → **IllegalStartOfType** - `class, interface, enum, or record expected` → **ClassOrInterfaceExpected** - `package ... does not exist` → **PackageNotFound**"
    },
    {
      "source": "/mnt/data/work/stuff4/src111_merge15 - 2025-10-28T010004.821/BUILD_ERROR_PATTERN_SCAN.md",
      "example": "Files: - <path>:12 — illegal start of expression - <path>:19 — class, interface, enum, or record expected - <path>:11 — illegal start of expression - <path>:19 — class, interface, enum, or record expected"
    },
    {
      "source": "/mnt/data/work/stuff4/src111_merge15 - 2025-10-28T010004.821/BUILD_ERROR_PATTERN_SCAN.md",
      "example": "- <path>:19 — class, interface, enum, or record expected - <path>:11 — illegal start of expression - <path>:19 — class, interface, enum, or record expected - <path>:14 — illegal start of expression - <path>:40 — class, interface, enum, or record expected"
    },
    {
      "source": "/mnt/data/work/stuff4/src111_merge15 - 2025-10-28T010004.821/BUILD_FIX_NOTES__77_bm25.md",
      "example": "## Errors observed - `class, interface, enum, or record expected` around lines with `} catch (Throwable ignore) { /* analyzer not on classpath */ }` - `cannot find symbol: class NoriAnalyzer` at: - `com.abandonware.ai.agent.service.rag.bm25.Bm25IndexHolder`"
    },
    {
      "source": "/mnt/data/work/stuff4/src111_merge15 - 2025-10-28T010004.821/MERGE_NOTE__mergerx15.txt",
      "example": "Fix: compileJava failures (illegal start/class expected) in com.abandonwareai/* Changes:"
    },
    {
      "source": "/mnt/data/work/stuff4/src111_merge15 - 2025-10-28T010004.821/build_error_patterns_summary.json",
      "example": "\"^\\n<path>:<n>: error: cannot find symbol\\nimport com.example.lms.service.ChatService;\", \"cannot find symbol log (ChatApiController 등)\\tLombok 미적용/중복 정의\\t@Slf4j로 통일(중복 Logger import 제거), 필요 시 수동 Logger 한 줄 대안 주석\\ncannot find symbol ChatService (컨트롤러<path> 파일 경로 부재<path> 직접 추가\\nincompatible types: ChatOrchestrator.ChatResult -> ChatService.ChatResult\\t반환타입 불일치\\ttoServiceResult(...) 어댑터로 변환 후 반환\", \"interface expected here (ChatServiceImpl implements ChatService)\\tChatService가 클래스(레거시)로 남아있던 충돌\\t레거시를 legacy/ChatServiceLegacy로 이동/개명 + 인터페이스 도입\\ncannot find symbol log (ChatApiController 등)\\tLombok 미적용/중복 정의\\t@Slf4j로 통일(중복 Logger import 제거), 필요 시 수동 Logger 한 줄 대안 주석\\ncannot find symbol ChatService (컨트롤러<path> 파일 경로 부재<path> 직접 추가\", \"“빌드 에러 패턴 메모리” 적용 요약\\n패턴 감지: 서비스 인터페이스 유실 → 전 계층에서 cannot find symbol 다발\\n\", \"과거 수집 요약: build_error_patterns.csv, build_error_patterns_summary.csv, build_error_patterns_by_config.csv\\n→ 이번 오류는 구성 파일의 missing_symbol 규칙과 정확히 일치합니다(“Cannot find symbol”).\\n\","
    },
    {
      "source": "/mnt/data/work/stuff4/src111_merge15 - 2025-10-28T010004.821/build_error_patterns_summary.json",
      "example": "], \"class_or_record_expected\": [ \"\\nerror: class, interface, enum, or record expected\\n이는 파일의 클래스 범위 밖에 }가 더 존재할 때 흔히 발생합니다.\", \"> Task :compileJava FAILED\\n<path>:<n>: error: class, interface, enum, or record expected\\n}\", \"Reasoned for 12m 59s\\n다 확인했습니다. 핵심 원인은 NaverProvider.java 말미에 } 가 1개 더 있어서 클래스 블록 밖으로 나간 것입니다. Gradle가 “class, interface, enum, or record expected”를 뿜는 전형적인 상황이죠. 동일 문제가 두 군데에 있었습니다.\\n\","
    },
    {
      "source": "/mnt/data/work/stuff4/src111_merge15 - 2025-10-28T010004.821/BUILD_ERROR_PATTERNS.md",
      "example": "## Pattern: ImportBeforePackage **Symptom**: `class, interface, enum, or record expected` at `package ...` line. **Cause**: One or more `import ...;` lines appear *before* the `package` declaration. **Fix**: Move `package` to be the first non-comment line and place all `import` lines after it. (Auto-fixed by reordering script.)"
    },
    {
      "source": "/mnt/data/work/stuff4/src111_merge15 - 2025-10-28T010004.821/.build/error_patterns_db.json",
      "example": "], \"java.incompatible_types\": [ \" \\\"> Task :compileJava FAILED<path>:<path>:<n>: error: cannot find symbol<path> com.example.lms.service.ChatService;<path> <path>:<path>:<n>: error: cannot find symbol<path> com.example.lms.service.ChatService;<path> \\\"cannot find symbol log (ChatApiController 등)<path> 미적용/중복 정의<path> 통일(중복 Logger import 제거), 필요 시 수동 Logger 한 줄 대안 주석<path> find symbol ChatService (컨트롤러<path> 파일 경로 부재<path> 직접 추가<path> types: ChatOrchestrator.ChatResult -> ChatService.ChatResult<path> 불일치<path> 어댑터로 변환 후 반환<path> \\\"interface expected here (ChatServiceImpl implements ChatService)<path> 클래스(레거시)로 남아있던 충돌<path> legacy/ChatServiceLegacy로 이동/개명 + 인터페이스 도입<path> find symbol log (ChatApiController 등)<path> 미적용/중복 정의<path> 통일(중복 Logger import 제거), 필요 시 수동 Logger 한 줄 대안 주석<path> find symbol ChatService (컨트롤러<path> 파일 경로 부재<path> 직접 추가<path> \\\"“빌드 에러 패턴 메모리” 적용 요약<path> 감지: 서비스 인터페이스 유실 → 전 계층에서 cannot find symbol 다발<path> ], \"gradle.dependency_resolution\": ["
    },
    {
      "source": "/mnt/data/work/stuff4/src111_merge15 - 2025-10-28T010004.821/analysis/build_patterns_aggregated.json",
      "example": "}, { \"pattern\": \"class, interface, enum, or record expected\", \"code\": \"ClassOrInterfaceExpected\" },"
    },
    {
      "source": "/mnt/data/work/stuff4/src111_merge15 - 2025-10-28T010004.821/analysis/build_fix_applied.json",
      "example": "}, { \"pattern\": \"class, interface, enum, or record expected\", \"code\": \"ClassOrInterfaceExpected\" },"
    },
    {
      "source": "/mnt/data/work/stuff4/src111_merge15 - 2025-10-28T010004.821/devtools/build/error_patterns.json",
      "example": "\"file\": \"<path> \"line\": 19, \"message\": \"class, interface, enum, or record expected\" }, {"
    },
    {
      "source": "/mnt/data/work/stuff4/src111_merge15 - 2025-10-28T010004.821/devtools/build/error_patterns.json",
      "example": "\"file\": \"<path> \"line\": 19, \"message\": \"class, interface, enum, or record expected\" }, {"
    },
    {
      "source": "/mnt/data/work/stuff4/src111_merge15 - 2025-10-28T010004.821/docs/build_error_memory__docblock.md",
      "example": "## Symptoms (examples from Gradle compile) - `'{'' expected` right after a sentence like `enum to satisfy ... */` - `class, interface, enum, or record expected` around lines that begin with prose such as `class replaces ...` - `illegal character: '#'` or `illegal character: '\\u2011'` where Javadoc `{@link Optional#empty()}` or non‑ASCII punctuation leaked into code - `illegal start of type` where a `* @param` line appears without an opening comment"
    },
    {
      "source": "/mnt/data/work/stuff4/src111_merge15 - 2025-10-28T010004.821/tools/Matrixtxt.snapshot.txt",
      "example": "public class ChatService { ^ <path>:<n>: error: interface expected here public class ChatServiceImpl implements ChatService { ^"
    },
    {
      "source": "/mnt/data/work/stuff4/src111_merge15 - 2025-10-28T010004.821/tools/Matrixtxt.snapshot.txt",
      "example": "상단에 “백업 파일, 컴파일 충돌 방지용” 주석 추가. 2) ChatServiceImpl implements ChatService 에서 “interface expected here” 증상: 백업 충돌 탓에 ChatService가 클래스로 인식되어 implements 지점에서 실패."
    },
    {
      "source": "/mnt/data/work/stuff4/src111_merge15 - 2025-10-27T222650.778/BUILD_PATTERN_SUMMARY.md",
      "example": "- `duplicate class` → **DuplicateClass** - `illegal start of type` → **IllegalStartOfType** - `class, interface, enum, or record expected` → **ClassOrInterfaceExpected** - `package ... does not exist` → **PackageNotFound**"
    },
    {
      "source": "/mnt/data/work/stuff4/src111_merge15 - 2025-10-27T222650.778/BUILD_ERROR_PATTERN_SCAN.md",
      "example": "Files: - <path>:12 — illegal start of expression - <path>:19 — class, interface, enum, or record expected - <path>:11 — illegal start of expression - <path>:19 — class, interface, enum, or record expected"
    },
    {
      "source": "/mnt/data/work/stuff4/src111_merge15 - 2025-10-27T222650.778/BUILD_ERROR_PATTERN_SCAN.md",
      "example": "- <path>:19 — class, interface, enum, or record expected - <path>:11 — illegal start of expression - <path>:19 — class, interface, enum, or record expected - <path>:14 — illegal start of expression - <path>:40 — class, interface, enum, or record expected"
    },
    {
      "source": "/mnt/data/work/stuff4/src111_merge15 - 2025-10-27T222650.778/BUILD_FIX_NOTES__77_bm25.md",
      "example": "## Errors observed - `class, interface, enum, or record expected` around lines with `} catch (Throwable ignore) { /* analyzer not on classpath */ }` - `cannot find symbol: class NoriAnalyzer` at: - `com.abandonware.ai.agent.service.rag.bm25.Bm25IndexHolder`"
    },
    {
      "source": "/mnt/data/work/stuff4/src111_merge15 - 2025-10-27T222650.778/MERGE_NOTE__mergerx15.txt",
      "example": "Fix: compileJava failures (illegal start/class expected) in com.abandonwareai/* Changes:"
    },
    {
      "source": "/mnt/data/work/stuff4/src111_merge15 - 2025-10-27T222650.778/build_error_patterns_summary.json",
      "example": "\"^\\n<path>:<n>: error: cannot find symbol\\nimport com.example.lms.service.ChatService;\", \"cannot find symbol log (ChatApiController 등)\\tLombok 미적용/중복 정의\\t@Slf4j로 통일(중복 Logger import 제거), 필요 시 수동 Logger 한 줄 대안 주석\\ncannot find symbol ChatService (컨트롤러<path> 파일 경로 부재<path> 직접 추가\\nincompatible types: ChatOrchestrator.ChatResult -> ChatService.ChatResult\\t반환타입 불일치\\ttoServiceResult(...) 어댑터로 변환 후 반환\", \"interface expected here (ChatServiceImpl implements ChatService)\\tChatService가 클래스(레거시)로 남아있던 충돌\\t레거시를 legacy/ChatServiceLegacy로 이동/개명 + 인터페이스 도입\\ncannot find symbol log (ChatApiController 등)\\tLombok 미적용/중복 정의\\t@Slf4j로 통일(중복 Logger import 제거), 필요 시 수동 Logger 한 줄 대안 주석\\ncannot find symbol ChatService (컨트롤러<path> 파일 경로 부재<path> 직접 추가\", \"“빌드 에러 패턴 메모리” 적용 요약\\n패턴 감지: 서비스 인터페이스 유실 → 전 계층에서 cannot find symbol 다발\\n\", \"과거 수집 요약: build_error_patterns.csv, build_error_patterns_summary.csv, build_error_patterns_by_config.csv\\n→ 이번 오류는 구성 파일의 missing_symbol 규칙과 정확히 일치합니다(“Cannot find symbol”).\\n\","
    },
    {
      "source": "/mnt/data/work/stuff4/src111_merge15 - 2025-10-27T222650.778/build_error_patterns_summary.json",
      "example": "], \"class_or_record_expected\": [ \"\\nerror: class, interface, enum, or record expected\\n이는 파일의 클래스 범위 밖에 }가 더 존재할 때 흔히 발생합니다.\", \"> Task :compileJava FAILED\\n<path>:<n>: error: class, interface, enum, or record expected\\n}\", \"Reasoned for 12m 59s\\n다 확인했습니다. 핵심 원인은 NaverProvider.java 말미에 } 가 1개 더 있어서 클래스 블록 밖으로 나간 것입니다. Gradle가 “class, interface, enum, or record expected”를 뿜는 전형적인 상황이죠. 동일 문제가 두 군데에 있었습니다.\\n\","
    },
    {
      "source": "/mnt/data/work/stuff4/src111_merge15 - 2025-10-27T222650.778/BUILD_ERROR_PATTERNS.md",
      "example": "## Pattern: ImportBeforePackage **Symptom**: `class, interface, enum, or record expected` at `package ...` line. **Cause**: One or more `import ...;` lines appear *before* the `package` declaration. **Fix**: Move `package` to be the first non-comment line and place all `import` lines after it. (Auto-fixed by reordering script.)"
    },
    {
      "source": "/mnt/data/work/stuff4/src111_merge15 - 2025-10-27T222650.778/.build/error_patterns_db.json",
      "example": "], \"java.incompatible_types\": [ \" \\\"> Task :compileJava FAILED<path>:<path>:<n>: error: cannot find symbol<path> com.example.lms.service.ChatService;<path> <path>:<path>:<n>: error: cannot find symbol<path> com.example.lms.service.ChatService;<path> \\\"cannot find symbol log (ChatApiController 등)<path> 미적용/중복 정의<path> 통일(중복 Logger import 제거), 필요 시 수동 Logger 한 줄 대안 주석<path> find symbol ChatService (컨트롤러<path> 파일 경로 부재<path> 직접 추가<path> types: ChatOrchestrator.ChatResult -> ChatService.ChatResult<path> 불일치<path> 어댑터로 변환 후 반환<path> \\\"interface expected here (ChatServiceImpl implements ChatService)<path> 클래스(레거시)로 남아있던 충돌<path> legacy/ChatServiceLegacy로 이동/개명 + 인터페이스 도입<path> find symbol log (ChatApiController 등)<path> 미적용/중복 정의<path> 통일(중복 Logger import 제거), 필요 시 수동 Logger 한 줄 대안 주석<path> find symbol ChatService (컨트롤러<path> 파일 경로 부재<path> 직접 추가<path> \\\"“빌드 에러 패턴 메모리” 적용 요약<path> 감지: 서비스 인터페이스 유실 → 전 계층에서 cannot find symbol 다발<path> ], \"gradle.dependency_resolution\": ["
    },
    {
      "source": "/mnt/data/work/stuff4/src111_merge15 - 2025-10-27T222650.778/analysis/build_patterns_aggregated.json",
      "example": "}, { \"pattern\": \"class, interface, enum, or record expected\", \"code\": \"ClassOrInterfaceExpected\" },"
    },
    {
      "source": "/mnt/data/work/stuff4/src111_merge15 - 2025-10-27T222650.778/analysis/build_fix_applied.json",
      "example": "}, { \"pattern\": \"class, interface, enum, or record expected\", \"code\": \"ClassOrInterfaceExpected\" },"
    },
    {
      "source": "/mnt/data/work/stuff4/src111_merge15 - 2025-10-27T222650.778/devtools/build/error_patterns.json",
      "example": "\"file\": \"<path> \"line\": 19, \"message\": \"class, interface, enum, or record expected\" }, {"
    },
    {
      "source": "/mnt/data/work/stuff4/src111_merge15 - 2025-10-27T222650.778/devtools/build/error_patterns.json",
      "example": "\"file\": \"<path> \"line\": 19, \"message\": \"class, interface, enum, or record expected\" }, {"
    },
    {
      "source": "/mnt/data/work/stuff4/src111_merge15 - 2025-10-27T222650.778/docs/build_error_memory__docblock.md",
      "example": "## Symptoms (examples from Gradle compile) - `'{'' expected` right after a sentence like `enum to satisfy ... */` - `class, interface, enum, or record expected` around lines that begin with prose such as `class replaces ...` - `illegal character: '#'` or `illegal character: '\\u2011'` where Javadoc `{@link Optional#empty()}` or non‑ASCII punctuation leaked into code - `illegal start of type` where a `* @param` line appears without an opening comment"
    },
    {
      "source": "/mnt/data/work/stuff4/src111_merge15 - 2025-10-27T222650.778/tools/Matrixtxt.snapshot.txt",
      "example": "public class ChatService { ^ <path>:<n>: error: interface expected here public class ChatServiceImpl implements ChatService { ^"
    },
    {
      "source": "/mnt/data/work/stuff4/src111_merge15 - 2025-10-27T222650.778/tools/Matrixtxt.snapshot.txt",
      "example": "상단에 “백업 파일, 컴파일 충돌 방지용” 주석 추가. 2) ChatServiceImpl implements ChatService 에서 “interface expected here” 증상: 백업 충돌 탓에 ChatService가 클래스로 인식되어 implements 지점에서 실패."
    }
  ],
  "JavacPackageDoesNotExist": [
    {
      "source": "/mnt/data/work/stuff4/src111_merge15 - 2025-10-27T214414.465/BUILD_PATTERN_SUMMARY.md",
      "example": "**Symptom** ``` error: package jdk.incubator.vector does not exist error: Preview features are not enabled for unit ... ```"
    },
    {
      "source": "/mnt/data/work/stuff4/src111_merge15 - 2025-10-27T214414.465/build_error_patterns_summary.json",
      "example": "], \"package_does_not_exist\": [ \" location: package com.example.lms.service\\n<path>:<n>: error: package com.example.lms.service.ChatService does not exist\\nimport com.example.lms.service.ChatService.ChatResult;\" ], \"unreachable_statement_finally\": ["
    },
    {
      "source": "/mnt/data/work/stuff4/src111_merge15 - 2025-10-27T214414.465/analysis/build_patterns_aggregated.json",
      "example": "], \"sample_error\": [ \"error: package service.rag.auth does not exist\", \"error: cannot find symbol class DomainWhitelist\" ]"
    },
    {
      "source": "/mnt/data/work/stuff4/src111_merge15 - 2025-10-27T214414.465/tools/Matrixtxt.snapshot.txt",
      "example": "symbol: class ChatService location: package com.example.lms.service <path>:<n>: error: package com.example.lms.service.ChatService does not exist import com.example.lms.service.ChatService.ChatResult; ^"
    },
    {
      "source": "/mnt/data/work/stuff4/src111_merge15 - 2025-10-27T214414.465/tools/Matrixtxt.snapshot.txt",
      "example": "symbol: class ChatService location: package com.example.lms.service <path>:<n>: error: package com.example.lms.service.ChatService does not exist import com.example.lms.service.ChatService.ChatResult; ^"
    },
    {
      "source": "/mnt/data/work/stuff4/src111_merge15 - 2025-10-28T010004.821/BUILD_PATTERN_SUMMARY.md",
      "example": "**Symptom** ``` error: package jdk.incubator.vector does not exist error: Preview features are not enabled for unit ... ```"
    },
    {
      "source": "/mnt/data/work/stuff4/src111_merge15 - 2025-10-28T010004.821/build_error_patterns_summary.json",
      "example": "], \"package_does_not_exist\": [ \" location: package com.example.lms.service\\n<path>:<n>: error: package com.example.lms.service.ChatService does not exist\\nimport com.example.lms.service.ChatService.ChatResult;\" ], \"unreachable_statement_finally\": ["
    },
    {
      "source": "/mnt/data/work/stuff4/src111_merge15 - 2025-10-28T010004.821/analysis/build_patterns_aggregated.json",
      "example": "], \"sample_error\": [ \"error: package service.rag.auth does not exist\", \"error: cannot find symbol class DomainWhitelist\" ]"
    },
    {
      "source": "/mnt/data/work/stuff4/src111_merge15 - 2025-10-28T010004.821/tools/Matrixtxt.snapshot.txt",
      "example": "symbol: class ChatService location: package com.example.lms.service <path>:<n>: error: package com.example.lms.service.ChatService does not exist import com.example.lms.service.ChatService.ChatResult; ^"
    },
    {
      "source": "/mnt/data/work/stuff4/src111_merge15 - 2025-10-28T010004.821/tools/Matrixtxt.snapshot.txt",
      "example": "symbol: class ChatService location: package com.example.lms.service <path>:<n>: error: package com.example.lms.service.ChatService does not exist import com.example.lms.service.ChatService.ChatResult; ^"
    },
    {
      "source": "/mnt/data/work/stuff4/src111_merge15 - 2025-10-27T222650.778/BUILD_PATTERN_SUMMARY.md",
      "example": "**Symptom** ``` error: package jdk.incubator.vector does not exist error: Preview features are not enabled for unit ... ```"
    },
    {
      "source": "/mnt/data/work/stuff4/src111_merge15 - 2025-10-27T222650.778/build_error_patterns_summary.json",
      "example": "], \"package_does_not_exist\": [ \" location: package com.example.lms.service\\n<path>:<n>: error: package com.example.lms.service.ChatService does not exist\\nimport com.example.lms.service.ChatService.ChatResult;\" ], \"unreachable_statement_finally\": ["
    },
    {
      "source": "/mnt/data/work/stuff4/src111_merge15 - 2025-10-27T222650.778/analysis/build_patterns_aggregated.json",
      "example": "], \"sample_error\": [ \"error: package service.rag.auth does not exist\", \"error: cannot find symbol class DomainWhitelist\" ]"
    },
    {
      "source": "/mnt/data/work/stuff4/src111_merge15 - 2025-10-27T222650.778/tools/Matrixtxt.snapshot.txt",
      "example": "symbol: class ChatService location: package com.example.lms.service <path>:<n>: error: package com.example.lms.service.ChatService does not exist import com.example.lms.service.ChatService.ChatResult; ^"
    },
    {
      "source": "/mnt/data/work/stuff4/src111_merge15 - 2025-10-27T222650.778/tools/Matrixtxt.snapshot.txt",
      "example": "symbol: class ChatService location: package com.example.lms.service <path>:<n>: error: package com.example.lms.service.ChatService does not exist import com.example.lms.service.ChatService.ChatResult; ^"
    }
  ],
  "SpringUnsatisfiedDependency": [
    {
      "source": "/mnt/data/work/stuff4/src111_merge15 - 2025-10-27T214414.465/BUILD_PATTERN_RUN.md",
      "example": "## [2025-10-21 21:<n>:29 UTC] Pattern detected & resolved — Missing bean due to feature flag **Signature:** `UnsatisfiedDependencyException` → requires `OpenAiImageService` **Context:** `ImageJobService` ctor (param #1) **Action:** Added `@ConditionalOnBean(OpenAiImageService.class)` to `ImageJobService`."
    },
    {
      "source": "/mnt/data/work/stuff4/src111_merge15 - 2025-10-27T214414.465/BUILD_ERROR_PATTERN_SCAN.md",
      "example": "## Update — 2025‑10‑22 bootRun failure (Spring Boot) Pattern: CONFIG_PROPERTIES_BINDING_VALIDATION_FAILED → UnsatisfiedDependencyException during controller creation due to `@Validated @ConfigurationProperties` record enforcing `@NotBlank` on missing property. Signature (exact):"
    },
    {
      "source": "/mnt/data/work/stuff4/src111_merge15 - 2025-10-27T214414.465/build-logs/2025-10-18-bootRun.log",
      "example": "2025-10-18T20:<n>:00.742+0900 WARN o.s.b.w.s.c.AnnotationConfigServletWebServerApplicationContext - Exception encountered during context initialization - cancelling refresh attempt: org.springframework.beans.factory.UnsatisfiedDependencyException: Error creating bean with name 'searchProbeController' defined in file [<path>: Unsatisfied dependency expressed through constructor parameter 1: Failed to convert value of type 'java.lang.String' to required type 'boolean'; Invalid boolean value [{probe.search.enabled:false}] 2025-10-18T20:<n>:00.794+0900 ERROR o.s.boot.SpringApplication - Application run failed org.springframework.beans.factory.UnsatisfiedDependencyException: Error creating bean with name 'searchProbeController' defined in file [<path>: Unsatisfied dependency expressed through constructor parameter 1: Failed to convert value of type 'java.lang.String' to required type 'boolean'; Invalid boolean value [{probe.search.enabled:false}]"
    },
    {
      "source": "/mnt/data/work/stuff4/src111_merge15 - 2025-10-27T214414.465/build-logs/2025-10-18-bootRun.log",
      "example": "2025-10-18T20:<n>:00.742+0900 WARN o.s.b.w.s.c.AnnotationConfigServletWebServerApplicationContext - Exception encountered during context initialization - cancelling refresh attempt: org.springframework.beans.factory.UnsatisfiedDependencyException: Error creating bean with name 'searchProbeController' defined in file [<path>: Unsatisfied dependency expressed through constructor parameter 1: Failed to convert value of type 'java.lang.String' to required type 'boolean'; Invalid boolean value [{probe.search.enabled:false}] 2025-10-18T20:<n>:00.794+0900 ERROR o.s.boot.SpringApplication - Application run failed org.springframework.beans.factory.UnsatisfiedDependencyException: Error creating bean with name 'searchProbeController' defined in file [<path>: Unsatisfied dependency expressed through constructor parameter 1: Failed to convert value of type 'java.lang.String' to required type 'boolean'; Invalid boolean value [{probe.search.enabled:false}] Caused by: org.springframework.beans.TypeMismatchException: Failed to convert value of type 'java.lang.String' to required type 'boolean'; Invalid boolean value [{probe.search.enabled:false}] Caused by: java.lang.IllegalArgumentException: Invalid boolean value [{probe.search.enabled:false}]"
    },
    {
      "source": "/mnt/data/work/stuff4/src111_merge15 - 2025-10-27T214414.465/build-logs/error_patterns_detail.json",
      "example": "{ \"spring.beans.unsatisfied-dependency\": [ \"2025-10-18T20:<n>:00.742+0900 WARN o.s.b.w.s.c.AnnotationConfigServletWebServerApplicationContext - Exception encountered during context initialization - cancelling refresh attempt: org.springframework.beans.factory.UnsatisfiedDependencyException: Error creating bean with name 'searchProbeController' defined in file [<path>: Unsatisfied dependency expressed through constructor parameter 1: Failed to convert value of type 'java.lang.String' to required type 'boolean'; Invalid boolean value [{probe.search.enabled:false}]\\n2025-10-18T20:<n>:00.794+0900 ERROR o.s.boot.SpringApplication - Application run failed\\norg.springframework.beans.factory.UnsatisfiedDependencyException: Error creating bean with name 'searchProbeController' defined in file [<path>: Unsatisfied dependency expressed through constructor parameter 1: Failed to convert value of type 'java.lang.String' to required type 'boolean'; Invalid boolean value [{probe.search.enabled:false}]\", \"2025-10-18T20:<n>:00.742+0900 WARN o.s.b.w.s.c.AnnotationConfigServletWebServerApplicationContext - Exception encountered during context initialization - cancelling refresh attempt: org.springframework.beans.factory.UnsatisfiedDependencyException: Error creating bean with name 'searchProbeController' defined in file [<path>: Unsatisfied dependency expressed through constructor parameter 1: Failed to convert value of type 'java.lang.String' to required type 'boolean'; Invalid boolean value [{probe.search.enabled:false}]\\n2025-10-18T20:<n>:00.794+0900 ERROR o.s.boot.SpringApplication - Application run failed\\norg.springframework.beans.factory.UnsatisfiedDependencyException: Error creating bean with name 'searchProbeController' defined in file [<path>: Unsatisfied dependency expressed through constructor parameter 1: Failed to convert value of type 'java.lang.String' to required type 'boolean'; Invalid boolean value [{probe.search.enabled:false}]\\nCaused by: org.springframework.beans.TypeMismatchException: Failed to convert value of type 'java.lang.String' to required type 'boolean'; Invalid boolean value [{probe.search.enabled:false}]\\nCaused by: java.lang.IllegalArgumentException: Invalid boolean value [{probe.search.enabled:false}]\" ],"
    },
    {
      "source": "/mnt/data/work/stuff4/src111_merge15 - 2025-10-27T214414.465/build-logs/error_patterns_detail.json",
      "example": "\"spring.beans.unsatisfied-dependency\": [ \"2025-10-18T20:<n>:00.742+0900 WARN o.s.b.w.s.c.AnnotationConfigServletWebServerApplicationContext - Exception encountered during context initialization - cancelling refresh attempt: org.springframework.beans.factory.UnsatisfiedDependencyException: Error creating bean with name 'searchProbeController' defined in file [<path>: Unsatisfied dependency expressed through constructor parameter 1: Failed to convert value of type 'java.lang.String' to required type 'boolean'; Invalid boolean value [{probe.search.enabled:false}]\\n2025-10-18T20:<n>:00.794+0900 ERROR o.s.boot.SpringApplication - Application run failed\\norg.springframework.beans.factory.UnsatisfiedDependencyException: Error creating bean with name 'searchProbeController' defined in file [<path>: Unsatisfied dependency expressed through constructor parameter 1: Failed to convert value of type 'java.lang.String' to required type 'boolean'; Invalid boolean value [{probe.search.enabled:false}]\", \"2025-10-18T20:<n>:00.742+0900 WARN o.s.b.w.s.c.AnnotationConfigServletWebServerApplicationContext - Exception encountered during context initialization - cancelling refresh attempt: org.springframework.beans.factory.UnsatisfiedDependencyException: Error creating bean with name 'searchProbeController' defined in file [<path>: Unsatisfied dependency expressed through constructor parameter 1: Failed to convert value of type 'java.lang.String' to required type 'boolean'; Invalid boolean value [{probe.search.enabled:false}]\\n2025-10-18T20:<n>:00.794+0900 ERROR o.s.boot.SpringApplication - Application run failed\\norg.springframework.beans.factory.UnsatisfiedDependencyException: Error creating bean with name 'searchProbeController' defined in file [<path>: Unsatisfied dependency expressed through constructor parameter 1: Failed to convert value of type 'java.lang.String' to required type 'boolean'; Invalid boolean value [{probe.search.enabled:false}]\\nCaused by: org.springframework.beans.TypeMismatchException: Failed to convert value of type 'java.lang.String' to required type 'boolean'; Invalid boolean value [{probe.search.enabled:false}]\\nCaused by: java.lang.IllegalArgumentException: Invalid boolean value [{probe.search.enabled:false}]\" ], \"config.value.invalid-boolean.probe.search.enabled\": ["
    },
    {
      "source": "/mnt/data/work/stuff4/src111_merge15 - 2025-10-27T214414.465/docs/BUILD_ERRORS.md",
      "example": "**Symptom** - `UnsatisfiedDependencyException` on `SearchProbeController` (constructor param index=1) - `TypeMismatchException`: String → boolean, *Invalid boolean value* `{probe.search.enabled:false}` - Gradle `:bootRun` non-zero exit"
    },
    {
      "source": "/mnt/data/work/stuff4/src111_merge15 - 2025-10-27T214414.465/tools/error_pattern_extractor.py",
      "example": "R_PATTERNS = { 'spring.boot.application-run-failed': re.compile(r'Application run failed'), 'spring.beans.unsatisfied-dependency': re.compile(r'UnsatisfiedDependencyException'), 'spring.beans.type-mismatch': re.compile(r'TypeMismatchException'), 'gradle.bootRun.failed': re.compile(r'> Task :bootRun FAILED'),"
    },
    {
      "source": "/mnt/data/work/stuff4/src111_merge15 - 2025-10-28T010004.821/BUILD_PATTERN_RUN.md",
      "example": "## [2025-10-21 21:<n>:29 UTC] Pattern detected & resolved — Missing bean due to feature flag **Signature:** `UnsatisfiedDependencyException` → requires `OpenAiImageService` **Context:** `ImageJobService` ctor (param #1) **Action:** Added `@ConditionalOnBean(OpenAiImageService.class)` to `ImageJobService`."
    },
    {
      "source": "/mnt/data/work/stuff4/src111_merge15 - 2025-10-28T010004.821/BUILD_ERROR_PATTERN_SCAN.md",
      "example": "## Update — 2025‑10‑22 bootRun failure (Spring Boot) Pattern: CONFIG_PROPERTIES_BINDING_VALIDATION_FAILED → UnsatisfiedDependencyException during controller creation due to `@Validated @ConfigurationProperties` record enforcing `@NotBlank` on missing property. Signature (exact):"
    },
    {
      "source": "/mnt/data/work/stuff4/src111_merge15 - 2025-10-28T010004.821/build-logs/2025-10-18-bootRun.log",
      "example": "2025-10-18T20:<n>:00.742+0900 WARN o.s.b.w.s.c.AnnotationConfigServletWebServerApplicationContext - Exception encountered during context initialization - cancelling refresh attempt: org.springframework.beans.factory.UnsatisfiedDependencyException: Error creating bean with name 'searchProbeController' defined in file [<path>: Unsatisfied dependency expressed through constructor parameter 1: Failed to convert value of type 'java.lang.String' to required type 'boolean'; Invalid boolean value [{probe.search.enabled:false}] 2025-10-18T20:<n>:00.794+0900 ERROR o.s.boot.SpringApplication - Application run failed org.springframework.beans.factory.UnsatisfiedDependencyException: Error creating bean with name 'searchProbeController' defined in file [<path>: Unsatisfied dependency expressed through constructor parameter 1: Failed to convert value of type 'java.lang.String' to required type 'boolean'; Invalid boolean value [{probe.search.enabled:false}]"
    },
    {
      "source": "/mnt/data/work/stuff4/src111_merge15 - 2025-10-28T010004.821/build-logs/2025-10-18-bootRun.log",
      "example": "2025-10-18T20:<n>:00.742+0900 WARN o.s.b.w.s.c.AnnotationConfigServletWebServerApplicationContext - Exception encountered during context initialization - cancelling refresh attempt: org.springframework.beans.factory.UnsatisfiedDependencyException: Error creating bean with name 'searchProbeController' defined in file [<path>: Unsatisfied dependency expressed through constructor parameter 1: Failed to convert value of type 'java.lang.String' to required type 'boolean'; Invalid boolean value [{probe.search.enabled:false}] 2025-10-18T20:<n>:00.794+0900 ERROR o.s.boot.SpringApplication - Application run failed org.springframework.beans.factory.UnsatisfiedDependencyException: Error creating bean with name 'searchProbeController' defined in file [<path>: Unsatisfied dependency expressed through constructor parameter 1: Failed to convert value of type 'java.lang.String' to required type 'boolean'; Invalid boolean value [{probe.search.enabled:false}] Caused by: org.springframework.beans.TypeMismatchException: Failed to convert value of type 'java.lang.String' to required type 'boolean'; Invalid boolean value [{probe.search.enabled:false}] Caused by: java.lang.IllegalArgumentException: Invalid boolean value [{probe.search.enabled:false}]"
    },
    {
      "source": "/mnt/data/work/stuff4/src111_merge15 - 2025-10-28T010004.821/build-logs/error_patterns_detail.json",
      "example": "{ \"spring.beans.unsatisfied-dependency\": [ \"2025-10-18T20:<n>:00.742+0900 WARN o.s.b.w.s.c.AnnotationConfigServletWebServerApplicationContext - Exception encountered during context initialization - cancelling refresh attempt: org.springframework.beans.factory.UnsatisfiedDependencyException: Error creating bean with name 'searchProbeController' defined in file [<path>: Unsatisfied dependency expressed through constructor parameter 1: Failed to convert value of type 'java.lang.String' to required type 'boolean'; Invalid boolean value [{probe.search.enabled:false}]\\n2025-10-18T20:<n>:00.794+0900 ERROR o.s.boot.SpringApplication - Application run failed\\norg.springframework.beans.factory.UnsatisfiedDependencyException: Error creating bean with name 'searchProbeController' defined in file [<path>: Unsatisfied dependency expressed through constructor parameter 1: Failed to convert value of type 'java.lang.String' to required type 'boolean'; Invalid boolean value [{probe.search.enabled:false}]\", \"2025-10-18T20:<n>:00.742+0900 WARN o.s.b.w.s.c.AnnotationConfigServletWebServerApplicationContext - Exception encountered during context initialization - cancelling refresh attempt: org.springframework.beans.factory.UnsatisfiedDependencyException: Error creating bean with name 'searchProbeController' defined in file [<path>: Unsatisfied dependency expressed through constructor parameter 1: Failed to convert value of type 'java.lang.String' to required type 'boolean'; Invalid boolean value [{probe.search.enabled:false}]\\n2025-10-18T20:<n>:00.794+0900 ERROR o.s.boot.SpringApplication - Application run failed\\norg.springframework.beans.factory.UnsatisfiedDependencyException: Error creating bean with name 'searchProbeController' defined in file [<path>: Unsatisfied dependency expressed through constructor parameter 1: Failed to convert value of type 'java.lang.String' to required type 'boolean'; Invalid boolean value [{probe.search.enabled:false}]\\nCaused by: org.springframework.beans.TypeMismatchException: Failed to convert value of type 'java.lang.String' to required type 'boolean'; Invalid boolean value [{probe.search.enabled:false}]\\nCaused by: java.lang.IllegalArgumentException: Invalid boolean value [{probe.search.enabled:false}]\" ],"
    },
    {
      "source": "/mnt/data/work/stuff4/src111_merge15 - 2025-10-28T010004.821/build-logs/error_patterns_detail.json",
      "example": "\"spring.beans.unsatisfied-dependency\": [ \"2025-10-18T20:<n>:00.742+0900 WARN o.s.b.w.s.c.AnnotationConfigServletWebServerApplicationContext - Exception encountered during context initialization - cancelling refresh attempt: org.springframework.beans.factory.UnsatisfiedDependencyException: Error creating bean with name 'searchProbeController' defined in file [<path>: Unsatisfied dependency expressed through constructor parameter 1: Failed to convert value of type 'java.lang.String' to required type 'boolean'; Invalid boolean value [{probe.search.enabled:false}]\\n2025-10-18T20:<n>:00.794+0900 ERROR o.s.boot.SpringApplication - Application run failed\\norg.springframework.beans.factory.UnsatisfiedDependencyException: Error creating bean with name 'searchProbeController' defined in file [<path>: Unsatisfied dependency expressed through constructor parameter 1: Failed to convert value of type 'java.lang.String' to required type 'boolean'; Invalid boolean value [{probe.search.enabled:false}]\", \"2025-10-18T20:<n>:00.742+0900 WARN o.s.b.w.s.c.AnnotationConfigServletWebServerApplicationContext - Exception encountered during context initialization - cancelling refresh attempt: org.springframework.beans.factory.UnsatisfiedDependencyException: Error creating bean with name 'searchProbeController' defined in file [<path>: Unsatisfied dependency expressed through constructor parameter 1: Failed to convert value of type 'java.lang.String' to required type 'boolean'; Invalid boolean value [{probe.search.enabled:false}]\\n2025-10-18T20:<n>:00.794+0900 ERROR o.s.boot.SpringApplication - Application run failed\\norg.springframework.beans.factory.UnsatisfiedDependencyException: Error creating bean with name 'searchProbeController' defined in file [<path>: Unsatisfied dependency expressed through constructor parameter 1: Failed to convert value of type 'java.lang.String' to required type 'boolean'; Invalid boolean value [{probe.search.enabled:false}]\\nCaused by: org.springframework.beans.TypeMismatchException: Failed to convert value of type 'java.lang.String' to required type 'boolean'; Invalid boolean value [{probe.search.enabled:false}]\\nCaused by: java.lang.IllegalArgumentException: Invalid boolean value [{probe.search.enabled:false}]\" ], \"config.value.invalid-boolean.probe.search.enabled\": ["
    },
    {
      "source": "/mnt/data/work/stuff4/src111_merge15 - 2025-10-28T010004.821/docs/BUILD_ERRORS.md",
      "example": "**Symptom** - `UnsatisfiedDependencyException` on `SearchProbeController` (constructor param index=1) - `TypeMismatchException`: String → boolean, *Invalid boolean value* `{probe.search.enabled:false}` - Gradle `:bootRun` non-zero exit"
    },
    {
      "source": "/mnt/data/work/stuff4/src111_merge15 - 2025-10-28T010004.821/tools/error_pattern_extractor.py",
      "example": "R_PATTERNS = { 'spring.boot.application-run-failed': re.compile(r'Application run failed'), 'spring.beans.unsatisfied-dependency': re.compile(r'UnsatisfiedDependencyException'), 'spring.beans.type-mismatch': re.compile(r'TypeMismatchException'), 'gradle.bootRun.failed': re.compile(r'> Task :bootRun FAILED'),"
    },
    {
      "source": "/mnt/data/work/stuff4/src111_merge15 - 2025-10-27T222650.778/BUILD_PATTERN_RUN.md",
      "example": "## [2025-10-21 21:<n>:29 UTC] Pattern detected & resolved — Missing bean due to feature flag **Signature:** `UnsatisfiedDependencyException` → requires `OpenAiImageService` **Context:** `ImageJobService` ctor (param #1) **Action:** Added `@ConditionalOnBean(OpenAiImageService.class)` to `ImageJobService`."
    },
    {
      "source": "/mnt/data/work/stuff4/src111_merge15 - 2025-10-27T222650.778/BUILD_ERROR_PATTERN_SCAN.md",
      "example": "## Update — 2025‑10‑22 bootRun failure (Spring Boot) Pattern: CONFIG_PROPERTIES_BINDING_VALIDATION_FAILED → UnsatisfiedDependencyException during controller creation due to `@Validated @ConfigurationProperties` record enforcing `@NotBlank` on missing property. Signature (exact):"
    },
    {
      "source": "/mnt/data/work/stuff4/src111_merge15 - 2025-10-27T222650.778/build-logs/2025-10-18-bootRun.log",
      "example": "2025-10-18T20:<n>:00.742+0900 WARN o.s.b.w.s.c.AnnotationConfigServletWebServerApplicationContext - Exception encountered during context initialization - cancelling refresh attempt: org.springframework.beans.factory.UnsatisfiedDependencyException: Error creating bean with name 'searchProbeController' defined in file [<path>: Unsatisfied dependency expressed through constructor parameter 1: Failed to convert value of type 'java.lang.String' to required type 'boolean'; Invalid boolean value [{probe.search.enabled:false}] 2025-10-18T20:<n>:00.794+0900 ERROR o.s.boot.SpringApplication - Application run failed org.springframework.beans.factory.UnsatisfiedDependencyException: Error creating bean with name 'searchProbeController' defined in file [<path>: Unsatisfied dependency expressed through constructor parameter 1: Failed to convert value of type 'java.lang.String' to required type 'boolean'; Invalid boolean value [{probe.search.enabled:false}]"
    },
    {
      "source": "/mnt/data/work/stuff4/src111_merge15 - 2025-10-27T222650.778/build-logs/2025-10-18-bootRun.log",
      "example": "2025-10-18T20:<n>:00.742+0900 WARN o.s.b.w.s.c.AnnotationConfigServletWebServerApplicationContext - Exception encountered during context initialization - cancelling refresh attempt: org.springframework.beans.factory.UnsatisfiedDependencyException: Error creating bean with name 'searchProbeController' defined in file [<path>: Unsatisfied dependency expressed through constructor parameter 1: Failed to convert value of type 'java.lang.String' to required type 'boolean'; Invalid boolean value [{probe.search.enabled:false}] 2025-10-18T20:<n>:00.794+0900 ERROR o.s.boot.SpringApplication - Application run failed org.springframework.beans.factory.UnsatisfiedDependencyException: Error creating bean with name 'searchProbeController' defined in file [<path>: Unsatisfied dependency expressed through constructor parameter 1: Failed to convert value of type 'java.lang.String' to required type 'boolean'; Invalid boolean value [{probe.search.enabled:false}] Caused by: org.springframework.beans.TypeMismatchException: Failed to convert value of type 'java.lang.String' to required type 'boolean'; Invalid boolean value [{probe.search.enabled:false}] Caused by: java.lang.IllegalArgumentException: Invalid boolean value [{probe.search.enabled:false}]"
    },
    {
      "source": "/mnt/data/work/stuff4/src111_merge15 - 2025-10-27T222650.778/build-logs/error_patterns_detail.json",
      "example": "{ \"spring.beans.unsatisfied-dependency\": [ \"2025-10-18T20:<n>:00.742+0900 WARN o.s.b.w.s.c.AnnotationConfigServletWebServerApplicationContext - Exception encountered during context initialization - cancelling refresh attempt: org.springframework.beans.factory.UnsatisfiedDependencyException: Error creating bean with name 'searchProbeController' defined in file [<path>: Unsatisfied dependency expressed through constructor parameter 1: Failed to convert value of type 'java.lang.String' to required type 'boolean'; Invalid boolean value [{probe.search.enabled:false}]\\n2025-10-18T20:<n>:00.794+0900 ERROR o.s.boot.SpringApplication - Application run failed\\norg.springframework.beans.factory.UnsatisfiedDependencyException: Error creating bean with name 'searchProbeController' defined in file [<path>: Unsatisfied dependency expressed through constructor parameter 1: Failed to convert value of type 'java.lang.String' to required type 'boolean'; Invalid boolean value [{probe.search.enabled:false}]\", \"2025-10-18T20:<n>:00.742+0900 WARN o.s.b.w.s.c.AnnotationConfigServletWebServerApplicationContext - Exception encountered during context initialization - cancelling refresh attempt: org.springframework.beans.factory.UnsatisfiedDependencyException: Error creating bean with name 'searchProbeController' defined in file [<path>: Unsatisfied dependency expressed through constructor parameter 1: Failed to convert value of type 'java.lang.String' to required type 'boolean'; Invalid boolean value [{probe.search.enabled:false}]\\n2025-10-18T20:<n>:00.794+0900 ERROR o.s.boot.SpringApplication - Application run failed\\norg.springframework.beans.factory.UnsatisfiedDependencyException: Error creating bean with name 'searchProbeController' defined in file [<path>: Unsatisfied dependency expressed through constructor parameter 1: Failed to convert value of type 'java.lang.String' to required type 'boolean'; Invalid boolean value [{probe.search.enabled:false}]\\nCaused by: org.springframework.beans.TypeMismatchException: Failed to convert value of type 'java.lang.String' to required type 'boolean'; Invalid boolean value [{probe.search.enabled:false}]\\nCaused by: java.lang.IllegalArgumentException: Invalid boolean value [{probe.search.enabled:false}]\" ],"
    },
    {
      "source": "/mnt/data/work/stuff4/src111_merge15 - 2025-10-27T222650.778/build-logs/error_patterns_detail.json",
      "example": "\"spring.beans.unsatisfied-dependency\": [ \"2025-10-18T20:<n>:00.742+0900 WARN o.s.b.w.s.c.AnnotationConfigServletWebServerApplicationContext - Exception encountered during context initialization - cancelling refresh attempt: org.springframework.beans.factory.UnsatisfiedDependencyException: Error creating bean with name 'searchProbeController' defined in file [<path>: Unsatisfied dependency expressed through constructor parameter 1: Failed to convert value of type 'java.lang.String' to required type 'boolean'; Invalid boolean value [{probe.search.enabled:false}]\\n2025-10-18T20:<n>:00.794+0900 ERROR o.s.boot.SpringApplication - Application run failed\\norg.springframework.beans.factory.UnsatisfiedDependencyException: Error creating bean with name 'searchProbeController' defined in file [<path>: Unsatisfied dependency expressed through constructor parameter 1: Failed to convert value of type 'java.lang.String' to required type 'boolean'; Invalid boolean value [{probe.search.enabled:false}]\", \"2025-10-18T20:<n>:00.742+0900 WARN o.s.b.w.s.c.AnnotationConfigServletWebServerApplicationContext - Exception encountered during context initialization - cancelling refresh attempt: org.springframework.beans.factory.UnsatisfiedDependencyException: Error creating bean with name 'searchProbeController' defined in file [<path>: Unsatisfied dependency expressed through constructor parameter 1: Failed to convert value of type 'java.lang.String' to required type 'boolean'; Invalid boolean value [{probe.search.enabled:false}]\\n2025-10-18T20:<n>:00.794+0900 ERROR o.s.boot.SpringApplication - Application run failed\\norg.springframework.beans.factory.UnsatisfiedDependencyException: Error creating bean with name 'searchProbeController' defined in file [<path>: Unsatisfied dependency expressed through constructor parameter 1: Failed to convert value of type 'java.lang.String' to required type 'boolean'; Invalid boolean value [{probe.search.enabled:false}]\\nCaused by: org.springframework.beans.TypeMismatchException: Failed to convert value of type 'java.lang.String' to required type 'boolean'; Invalid boolean value [{probe.search.enabled:false}]\\nCaused by: java.lang.IllegalArgumentException: Invalid boolean value [{probe.search.enabled:false}]\" ], \"config.value.invalid-boolean.probe.search.enabled\": ["
    },
    {
      "source": "/mnt/data/work/stuff4/src111_merge15 - 2025-10-27T222650.778/docs/BUILD_ERRORS.md",
      "example": "**Symptom** - `UnsatisfiedDependencyException` on `SearchProbeController` (constructor param index=1) - `TypeMismatchException`: String → boolean, *Invalid boolean value* `{probe.search.enabled:false}` - Gradle `:bootRun` non-zero exit"
    },
    {
      "source": "/mnt/data/work/stuff4/src111_merge15 - 2025-10-27T222650.778/tools/error_pattern_extractor.py",
      "example": "R_PATTERNS = { 'spring.boot.application-run-failed': re.compile(r'Application run failed'), 'spring.beans.unsatisfied-dependency': re.compile(r'UnsatisfiedDependencyException'), 'spring.beans.type-mismatch': re.compile(r'TypeMismatchException'), 'gradle.bootRun.failed': re.compile(r'> Task :bootRun FAILED'),"
    }
  ],
  "SpringConfigBindingFailed": [
    {
      "source": "/mnt/data/work/stuff4/src111_merge15 - 2025-10-27T214414.465/BUILD_ERROR_PATTERN_SCAN.md",
      "example": "Signature (exact): ``` Binding to target com.example.lms.plugin.image.OpenAiImageProperties failed: Property: openai.image.endpoint Value: \"null\""
    },
    {
      "source": "/mnt/data/work/stuff4/src111_merge15 - 2025-10-28T010004.821/BUILD_ERROR_PATTERN_SCAN.md",
      "example": "Signature (exact): ``` Binding to target com.example.lms.plugin.image.OpenAiImageProperties failed: Property: openai.image.endpoint Value: \"null\""
    },
    {
      "source": "/mnt/data/work/stuff4/src111_merge15 - 2025-10-27T222650.778/BUILD_ERROR_PATTERN_SCAN.md",
      "example": "Signature (exact): ``` Binding to target com.example.lms.plugin.image.OpenAiImageProperties failed: Property: openai.image.endpoint Value: \"null\""
    }
  ],
  "JavacCannotFindSymbol": [
    {
      "source": "/mnt/data/work/stuff4/src111_merge15 - 2025-10-27T214414.465/BUILD_FIX_NOTES__79_fusion.md",
      "example": "- `Bm25LocalRetriever.java:<n>: error: method does not override or implement a method from a supertype` - `FusionService.java:<n>: error: method fuse in class WeightedRRF cannot be applied to given types` - `FusionService.java:<n>: error: cannot find symbol: class SearchResult` ## Root causes (mapped to internal build-error patterns)"
    },
    {
      "source": "/mnt/data/work/stuff4/src111_merge15 - 2025-10-27T214414.465/BUILD_FIX_NOTES__79_fusion.md",
      "example": "- `FusionService.java:<n>: error: cannot find symbol: class SearchResult` ## Root causes (mapped to internal build-error patterns) - **OverrideMismatch**: `@Override` present while the class does not implement/extend a supertype that declares `retrieve(String,int)`."
    },
    {
      "source": "/mnt/data/work/stuff4/src111_merge15 - 2025-10-27T214414.465/build_error_patterns_summary.json",
      "example": "\"\\ncannot find symbol: ChatApiController.java 15, TasksApiController.java 15, ChatWebSocketHandler.java 15\\n\", \"\\ncannot find symbol: class ChatService가 컨트롤러<path> 연쇄적으로 발생\\n(Lombok @RequiredArgsConstructor가 붙은 필드 주입 지점에서 타입을 못 찾으니 애노테이션 라인까지 오류가 전파됨)\", \"\\nerror: cannot find symbol\\nimport com.example.lms.service.ChatService;\", \"\\nmissing_symbol → MissingSymbol → \\\"Cannot find symbol<path> \"\\n다 봤어요. 이번 빌드 실패의 핵심 원인은 모듈 내에서 com.example.lms.service.ChatService 타입 자체가 존재하지 않아(파일 부재) 이를 참조하는 컨트롤러<path> 연쇄적으로 cannot find symbol: ChatService가 발생한 것입니다.\\n\","
    },
    {
      "source": "/mnt/data/work/stuff4/src111_merge15 - 2025-10-27T214414.465/build_error_patterns_summary.json",
      "example": "\"\\n이 중 “cannot find symbol”의 상당수는 패키지 이동이나 리팩토링 후 import 경로가 낡은 경우였습니다. 다음 자동 치환을 적용해 관련 오류를 줄였습니다(7개 파일 수정):\\n\", \"\\n패턴 일치 → 원인 지목: 내부 “에러패턴 메모리”에서 missing_symbol 규칙이 이번 로그(“Cannot find symbol”)와 일치.\\n\", \" ^\\n<path>:<n>: error: cannot find symbol\\npublic class ChatServiceImpl implements ChatService {\", \" ^\\n<path>:<n>: error: cannot find symbol\\n log.debug(\\\"Failed to attach uploaded files to new session: {}\\\", ex.toString());\", \" ^\\n<path>:<n>: error: cannot find symbol\\n List<Object> steps = chain.getSteps(); // 체인 내부 컬렉션을 노출하는 간단 API가 있다고 가정\","
    },
    {
      "source": "/mnt/data/work/stuff4/src111_merge15 - 2025-10-27T214414.465/BUILD_ERROR_PATTERNS.md",
      "example": "### cannot_find_symbol — hits: 2 - <path>: — 2025-10-17] Task :compileJava FAILED ... illegal escape character at regex tokens like \\p{L}, \\p{Nd}, \\s, \\- ... ... cannot find symbol: class Bm25LocalIndex in Bm25LocalRetriever ... - <path>: :compileJava <path>:<n>: error: cannot find symbol if (!enabled) return ResponseEntity.status(<n>).body( ### class_interface_expected — hits: 0"
    },
    {
      "source": "/mnt/data/work/stuff4/src111_merge15 - 2025-10-27T214414.465/BUILD_ERROR_PATTERNS.md",
      "example": "- <path>: — 2025-10-17] Task :compileJava FAILED ... illegal escape character at regex tokens like \\p{L}, \\p{Nd}, \\s, \\- ... ... cannot find symbol: class Bm25LocalIndex in Bm25LocalRetriever ... - <path>: :compileJava <path>:<n>: error: cannot find symbol if (!enabled) return ResponseEntity.status(<n>).body( ### class_interface_expected — hits: 0"
    },
    {
      "source": "/mnt/data/work/stuff4/src111_merge15 - 2025-10-27T214414.465/.build/error_patterns_db.json",
      "example": "], \"java.incompatible_types\": [ \" \\\"> Task :compileJava FAILED<path>:<path>:<n>: error: cannot find symbol<path> com.example.lms.service.ChatService;<path> <path>:<path>:<n>: error: cannot find symbol<path> com.example.lms.service.ChatService;<path> \\\"cannot find symbol log (ChatApiController 등)<path> 미적용/중복 정의<path> 통일(중복 Logger import 제거), 필요 시 수동 Logger 한 줄 대안 주석<path> find symbol ChatService (컨트롤러<path> 파일 경로 부재<path> 직접 추가<path> types: ChatOrchestrator.ChatResult -> ChatService.ChatResult<path> 불일치<path> 어댑터로 변환 후 반환<path> \\\"interface expected here (ChatServiceImpl implements ChatService)<path> 클래스(레거시)로 남아있던 충돌<path> legacy/ChatServiceLegacy로 이동/개명 + 인터페이스 도입<path> find symbol log (ChatApiController 등)<path> 미적용/중복 정의<path> 통일(중복 Logger import 제거), 필요 시 수동 Logger 한 줄 대안 주석<path> find symbol ChatService (컨트롤러<path> 파일 경로 부재<path> 직접 추가<path> \\\"“빌드 에러 패턴 메모리” 적용 요약<path> 감지: 서비스 인터페이스 유실 → 전 계층에서 cannot find symbol 다발<path> ], \"gradle.dependency_resolution\": ["
    },
    {
      "source": "/mnt/data/work/stuff4/src111_merge15 - 2025-10-27T214414.465/.build/error_patterns_db.json",
      "example": "\"- Split `OcrModels.java` into `Rect.java`, `OcrSpan.java`, `OcrChunk.java` to satisfy Java's one-public-type-per-file rule.\\n- Enabled Lombok annotation processing in `lms-core` (and tests) to restore getters/setters, constructors, and `@Slf4j` loggers.\\n- These address the cascading 'cannot find symbol get*/set*' and 'log' errors across shared sources compiled by `lms-core`.<path> ], \"gradle.build_failed\": [ \"3 errors<path>: Build failed with an exception.<path> What went wrong:\""
    },
    {
      "source": "/mnt/data/work/stuff4/src111_merge15 - 2025-10-27T214414.465/analysis/build_patterns_aggregated.json",
      "example": "\"sample_error\": [ \"error: package service.rag.auth does not exist\", \"error: cannot find symbol class DomainWhitelist\" ] }"
    },
    {
      "source": "/mnt/data/work/stuff4/src111_merge15 - 2025-10-27T214414.465/analysis/build_patterns_aggregated.json",
      "example": "\"pattern\": \"cannot find symbol\", \"code\": \"MissingSymbol\" }, {"
    },
    {
      "source": "/mnt/data/work/stuff4/src111_merge15 - 2025-10-27T214414.465/build-logs/2025-10-18-compileJava.log",
      "example": "> Task :compileJava <path>:<n>: error: cannot find symbol if (!enabled) return ResponseEntity.status(<n>).body(\"Probe disabled\"); ^"
    },
    {
      "source": "/mnt/data/work/stuff4/src111_merge15 - 2025-10-27T214414.465/build-logs/2025-10-18-compileJava.log",
      "example": "<path>:<n>: error: cannot find symbol if (!enabled) return ResponseEntity.status(<n>).body(\"Probe disabled\"); ^ symbol: variable enabled"
    },
    {
      "source": "/mnt/data/work/stuff4/src111_merge15 - 2025-10-27T214414.465/build-logs/error_patterns_detail.json",
      "example": "], \"javac.cannot-find-symbol\": [ \"> Task :compileJava\\n<path>:<n>: error: cannot find symbol\\n if (!enabled) return ResponseEntity.status(<n>).body(\\\"Probe disabled<path> ^\" ], \"javac.missing-variable.enabled\": ["
    },
    {
      "source": "/mnt/data/work/stuff4/src111_merge15 - 2025-10-27T214414.465/build-logs/error_patterns_detail.json",
      "example": "], \"javac.missing-variable.enabled\": [ \"<path>:<n>: error: cannot find symbol\\n if (!enabled) return ResponseEntity.status(<n>).body(\\\"Probe disabled<path> ^\\n symbol: variable enabled\\n location: class SearchProbeController\" ], \"gradle.compileJava.failed\": ["
    },
    {
      "source": "/mnt/data/work/stuff4/src111_merge15 - 2025-10-27T214414.465/docs/BUILD_ERRORS.md",
      "example": "**Symptom** ``` error: cannot find symbol if (!enabled) return ResponseEntity.status(<n>).body(\"Probe disabled\"); ^"
    },
    {
      "source": "/mnt/data/work/stuff4/src111_merge15 - 2025-10-27T214414.465/docs/BUILD_ERRORS.md",
      "example": "## 2025-10-18 — compileJava failure: cannot find symbol `enabled` in SearchProbeController **Symptom** ```"
    },
    {
      "source": "/mnt/data/work/stuff4/src111_merge15 - 2025-10-27T214414.465/tools/Matrixtxt.snapshot.txt",
      "example": "src111_merge15 (<n>).zip분석하고, 빌드오류 에러패턴이 내부에 남기게한 기능 있는데,그걸로 여태 빌드 패턴들 찾아서,아래 빌드오류 해결하고 src111_merge15.zip로 출력해줘. > Task :compileJava FAILED <path>:<n>: error: cannot find symbol import com.example.lms.service.ChatService; ^"
    },
    {
      "source": "/mnt/data/work/stuff4/src111_merge15 - 2025-10-27T214414.465/tools/Matrixtxt.snapshot.txt",
      "example": "symbol: class ChatService location: package com.example.lms.service <path>:<n>: error: cannot find symbol private final ChatService chatService; ^"
    },
    {
      "source": "/mnt/data/work/stuff4/src111_merge15 - 2025-10-27T214414.465/tools/build_matrix.yaml",
      "example": "actions: [ensure_gradle_wrapper_script] - id: lombok_missing_symbols when: \"(error: cannot find symbol.*@(?:Getter|Setter|Builder|Slf4j|RequiredArgsConstructor))|(lombok)\" actions: [ensure_gradle_lombok, enable_idea_annotation_processing] - id: invalid_java_release"
    },
    {
      "source": "/mnt/data/work/stuff4/src111_merge15 - 2025-10-27T214414.465/tools/build_matrix.yaml",
      "example": "when: \"(error: cannot find symbol.*@(?:Getter|Setter|Builder|Slf4j|RequiredArgsConstructor))|(lombok)\" actions: [ensure_gradle_lombok, enable_idea_annotation_processing] - id: invalid_java_release when: \"(invalid source release)|(target release)|Unsupported class file major version\""
    },
    {
      "source": "/mnt/data/work/stuff4/src111_merge15 - 2025-10-28T010004.821/BUILD_FIX_NOTES__79_fusion.md",
      "example": "- `Bm25LocalRetriever.java:<n>: error: method does not override or implement a method from a supertype` - `FusionService.java:<n>: error: method fuse in class WeightedRRF cannot be applied to given types` - `FusionService.java:<n>: error: cannot find symbol: class SearchResult` ## Root causes (mapped to internal build-error patterns)"
    },
    {
      "source": "/mnt/data/work/stuff4/src111_merge15 - 2025-10-28T010004.821/BUILD_FIX_NOTES__79_fusion.md",
      "example": "- `FusionService.java:<n>: error: cannot find symbol: class SearchResult` ## Root causes (mapped to internal build-error patterns) - **OverrideMismatch**: `@Override` present while the class does not implement/extend a supertype that declares `retrieve(String,int)`."
    },
    {
      "source": "/mnt/data/work/stuff4/src111_merge15 - 2025-10-28T010004.821/build_error_patterns_summary.json",
      "example": "\"\\ncannot find symbol: ChatApiController.java 15, TasksApiController.java 15, ChatWebSocketHandler.java 15\\n\", \"\\ncannot find symbol: class ChatService가 컨트롤러<path> 연쇄적으로 발생\\n(Lombok @RequiredArgsConstructor가 붙은 필드 주입 지점에서 타입을 못 찾으니 애노테이션 라인까지 오류가 전파됨)\", \"\\nerror: cannot find symbol\\nimport com.example.lms.service.ChatService;\", \"\\nmissing_symbol → MissingSymbol → \\\"Cannot find symbol<path> \"\\n다 봤어요. 이번 빌드 실패의 핵심 원인은 모듈 내에서 com.example.lms.service.ChatService 타입 자체가 존재하지 않아(파일 부재) 이를 참조하는 컨트롤러<path> 연쇄적으로 cannot find symbol: ChatService가 발생한 것입니다.\\n\","
    },
    {
      "source": "/mnt/data/work/stuff4/src111_merge15 - 2025-10-28T010004.821/build_error_patterns_summary.json",
      "example": "\"\\n이 중 “cannot find symbol”의 상당수는 패키지 이동이나 리팩토링 후 import 경로가 낡은 경우였습니다. 다음 자동 치환을 적용해 관련 오류를 줄였습니다(7개 파일 수정):\\n\", \"\\n패턴 일치 → 원인 지목: 내부 “에러패턴 메모리”에서 missing_symbol 규칙이 이번 로그(“Cannot find symbol”)와 일치.\\n\", \" ^\\n<path>:<n>: error: cannot find symbol\\npublic class ChatServiceImpl implements ChatService {\", \" ^\\n<path>:<n>: error: cannot find symbol\\n log.debug(\\\"Failed to attach uploaded files to new session: {}\\\", ex.toString());\", \" ^\\n<path>:<n>: error: cannot find symbol\\n List<Object> steps = chain.getSteps(); // 체인 내부 컬렉션을 노출하는 간단 API가 있다고 가정\","
    },
    {
      "source": "/mnt/data/work/stuff4/src111_merge15 - 2025-10-28T010004.821/.build/error_patterns_db.json",
      "example": "], \"java.incompatible_types\": [ \" \\\"> Task :compileJava FAILED<path>:<path>:<n>: error: cannot find symbol<path> com.example.lms.service.ChatService;<path> <path>:<path>:<n>: error: cannot find symbol<path> com.example.lms.service.ChatService;<path> \\\"cannot find symbol log (ChatApiController 등)<path> 미적용/중복 정의<path> 통일(중복 Logger import 제거), 필요 시 수동 Logger 한 줄 대안 주석<path> find symbol ChatService (컨트롤러<path> 파일 경로 부재<path> 직접 추가<path> types: ChatOrchestrator.ChatResult -> ChatService.ChatResult<path> 불일치<path> 어댑터로 변환 후 반환<path> \\\"interface expected here (ChatServiceImpl implements ChatService)<path> 클래스(레거시)로 남아있던 충돌<path> legacy/ChatServiceLegacy로 이동/개명 + 인터페이스 도입<path> find symbol log (ChatApiController 등)<path> 미적용/중복 정의<path> 통일(중복 Logger import 제거), 필요 시 수동 Logger 한 줄 대안 주석<path> find symbol ChatService (컨트롤러<path> 파일 경로 부재<path> 직접 추가<path> \\\"“빌드 에러 패턴 메모리” 적용 요약<path> 감지: 서비스 인터페이스 유실 → 전 계층에서 cannot find symbol 다발<path> ], \"gradle.dependency_resolution\": ["
    },
    {
      "source": "/mnt/data/work/stuff4/src111_merge15 - 2025-10-28T010004.821/.build/error_patterns_db.json",
      "example": "\"- Split `OcrModels.java` into `Rect.java`, `OcrSpan.java`, `OcrChunk.java` to satisfy Java's one-public-type-per-file rule.\\n- Enabled Lombok annotation processing in `lms-core` (and tests) to restore getters/setters, constructors, and `@Slf4j` loggers.\\n- These address the cascading 'cannot find symbol get*/set*' and 'log' errors across shared sources compiled by `lms-core`.<path> ], \"gradle.build_failed\": [ \"3 errors<path>: Build failed with an exception.<path> What went wrong:\""
    },
    {
      "source": "/mnt/data/work/stuff4/src111_merge15 - 2025-10-28T010004.821/analysis/build_patterns_aggregated.json",
      "example": "\"sample_error\": [ \"error: package service.rag.auth does not exist\", \"error: cannot find symbol class DomainWhitelist\" ] }"
    },
    {
      "source": "/mnt/data/work/stuff4/src111_merge15 - 2025-10-28T010004.821/analysis/build_patterns_aggregated.json",
      "example": "\"pattern\": \"cannot find symbol\", \"code\": \"MissingSymbol\" }, {"
    },
    {
      "source": "/mnt/data/work/stuff4/src111_merge15 - 2025-10-28T010004.821/build-logs/2025-10-18-compileJava.log",
      "example": "> Task :compileJava <path>:<n>: error: cannot find symbol if (!enabled) return ResponseEntity.status(<n>).body(\"Probe disabled\"); ^"
    },
    {
      "source": "/mnt/data/work/stuff4/src111_merge15 - 2025-10-28T010004.821/build-logs/2025-10-18-compileJava.log",
      "example": "<path>:<n>: error: cannot find symbol if (!enabled) return ResponseEntity.status(<n>).body(\"Probe disabled\"); ^ symbol: variable enabled"
    },
    {
      "source": "/mnt/data/work/stuff4/src111_merge15 - 2025-10-28T010004.821/build-logs/error_patterns_detail.json",
      "example": "], \"javac.cannot-find-symbol\": [ \"> Task :compileJava\\n<path>:<n>: error: cannot find symbol\\n if (!enabled) return ResponseEntity.status(<n>).body(\\\"Probe disabled<path> ^\" ], \"javac.missing-variable.enabled\": ["
    },
    {
      "source": "/mnt/data/work/stuff4/src111_merge15 - 2025-10-28T010004.821/build-logs/error_patterns_detail.json",
      "example": "], \"javac.missing-variable.enabled\": [ \"<path>:<n>: error: cannot find symbol\\n if (!enabled) return ResponseEntity.status(<n>).body(\\\"Probe disabled<path> ^\\n symbol: variable enabled\\n location: class SearchProbeController\" ], \"gradle.compileJava.failed\": ["
    },
    {
      "source": "/mnt/data/work/stuff4/src111_merge15 - 2025-10-28T010004.821/docs/BUILD_ERRORS.md",
      "example": "**Symptom** ``` error: cannot find symbol if (!enabled) return ResponseEntity.status(<n>).body(\"Probe disabled\"); ^"
    },
    {
      "source": "/mnt/data/work/stuff4/src111_merge15 - 2025-10-28T010004.821/docs/BUILD_ERRORS.md",
      "example": "## 2025-10-18 — compileJava failure: cannot find symbol `enabled` in SearchProbeController **Symptom** ```"
    },
    {
      "source": "/mnt/data/work/stuff4/src111_merge15 - 2025-10-28T010004.821/tools/Matrixtxt.snapshot.txt",
      "example": "src111_merge15 (<n>).zip분석하고, 빌드오류 에러패턴이 내부에 남기게한 기능 있는데,그걸로 여태 빌드 패턴들 찾아서,아래 빌드오류 해결하고 src111_merge15.zip로 출력해줘. > Task :compileJava FAILED <path>:<n>: error: cannot find symbol import com.example.lms.service.ChatService; ^"
    },
    {
      "source": "/mnt/data/work/stuff4/src111_merge15 - 2025-10-28T010004.821/tools/Matrixtxt.snapshot.txt",
      "example": "symbol: class ChatService location: package com.example.lms.service <path>:<n>: error: cannot find symbol private final ChatService chatService; ^"
    },
    {
      "source": "/mnt/data/work/stuff4/src111_merge15 - 2025-10-28T010004.821/tools/build_matrix.yaml",
      "example": "actions: [ensure_gradle_wrapper_script] - id: lombok_missing_symbols when: \"(error: cannot find symbol.*@(?:Getter|Setter|Builder|Slf4j|RequiredArgsConstructor))|(lombok)\" actions: [ensure_gradle_lombok, enable_idea_annotation_processing] - id: invalid_java_release"
    },
    {
      "source": "/mnt/data/work/stuff4/src111_merge15 - 2025-10-28T010004.821/tools/build_matrix.yaml",
      "example": "when: \"(error: cannot find symbol.*@(?:Getter|Setter|Builder|Slf4j|RequiredArgsConstructor))|(lombok)\" actions: [ensure_gradle_lombok, enable_idea_annotation_processing] - id: invalid_java_release when: \"(invalid source release)|(target release)|Unsupported class file major version\""
    },
    {
      "source": "/mnt/data/work/stuff4/src111_merge15 - 2025-10-27T222650.778/BUILD_FIX_NOTES__79_fusion.md",
      "example": "- `Bm25LocalRetriever.java:<n>: error: method does not override or implement a method from a supertype` - `FusionService.java:<n>: error: method fuse in class WeightedRRF cannot be applied to given types` - `FusionService.java:<n>: error: cannot find symbol: class SearchResult` ## Root causes (mapped to internal build-error patterns)"
    },
    {
      "source": "/mnt/data/work/stuff4/src111_merge15 - 2025-10-27T222650.778/BUILD_FIX_NOTES__79_fusion.md",
      "example": "- `FusionService.java:<n>: error: cannot find symbol: class SearchResult` ## Root causes (mapped to internal build-error patterns) - **OverrideMismatch**: `@Override` present while the class does not implement/extend a supertype that declares `retrieve(String,int)`."
    },
    {
      "source": "/mnt/data/work/stuff4/src111_merge15 - 2025-10-27T222650.778/build_error_patterns_summary.json",
      "example": "\"\\ncannot find symbol: ChatApiController.java 15, TasksApiController.java 15, ChatWebSocketHandler.java 15\\n\", \"\\ncannot find symbol: class ChatService가 컨트롤러<path> 연쇄적으로 발생\\n(Lombok @RequiredArgsConstructor가 붙은 필드 주입 지점에서 타입을 못 찾으니 애노테이션 라인까지 오류가 전파됨)\", \"\\nerror: cannot find symbol\\nimport com.example.lms.service.ChatService;\", \"\\nmissing_symbol → MissingSymbol → \\\"Cannot find symbol<path> \"\\n다 봤어요. 이번 빌드 실패의 핵심 원인은 모듈 내에서 com.example.lms.service.ChatService 타입 자체가 존재하지 않아(파일 부재) 이를 참조하는 컨트롤러<path> 연쇄적으로 cannot find symbol: ChatService가 발생한 것입니다.\\n\","
    },
    {
      "source": "/mnt/data/work/stuff4/src111_merge15 - 2025-10-27T222650.778/build_error_patterns_summary.json",
      "example": "\"\\n이 중 “cannot find symbol”의 상당수는 패키지 이동이나 리팩토링 후 import 경로가 낡은 경우였습니다. 다음 자동 치환을 적용해 관련 오류를 줄였습니다(7개 파일 수정):\\n\", \"\\n패턴 일치 → 원인 지목: 내부 “에러패턴 메모리”에서 missing_symbol 규칙이 이번 로그(“Cannot find symbol”)와 일치.\\n\", \" ^\\n<path>:<n>: error: cannot find symbol\\npublic class ChatServiceImpl implements ChatService {\", \" ^\\n<path>:<n>: error: cannot find symbol\\n log.debug(\\\"Failed to attach uploaded files to new session: {}\\\", ex.toString());\", \" ^\\n<path>:<n>: error: cannot find symbol\\n List<Object> steps = chain.getSteps(); // 체인 내부 컬렉션을 노출하는 간단 API가 있다고 가정\","
    },
    {
      "source": "/mnt/data/work/stuff4/src111_merge15 - 2025-10-27T222650.778/.build/error_patterns_db.json",
      "example": "], \"java.incompatible_types\": [ \" \\\"> Task :compileJava FAILED<path>:<path>:<n>: error: cannot find symbol<path> com.example.lms.service.ChatService;<path> <path>:<path>:<n>: error: cannot find symbol<path> com.example.lms.service.ChatService;<path> \\\"cannot find symbol log (ChatApiController 등)<path> 미적용/중복 정의<path> 통일(중복 Logger import 제거), 필요 시 수동 Logger 한 줄 대안 주석<path> find symbol ChatService (컨트롤러<path> 파일 경로 부재<path> 직접 추가<path> types: ChatOrchestrator.ChatResult -> ChatService.ChatResult<path> 불일치<path> 어댑터로 변환 후 반환<path> \\\"interface expected here (ChatServiceImpl implements ChatService)<path> 클래스(레거시)로 남아있던 충돌<path> legacy/ChatServiceLegacy로 이동/개명 + 인터페이스 도입<path> find symbol log (ChatApiController 등)<path> 미적용/중복 정의<path> 통일(중복 Logger import 제거), 필요 시 수동 Logger 한 줄 대안 주석<path> find symbol ChatService (컨트롤러<path> 파일 경로 부재<path> 직접 추가<path> \\\"“빌드 에러 패턴 메모리” 적용 요약<path> 감지: 서비스 인터페이스 유실 → 전 계층에서 cannot find symbol 다발<path> ], \"gradle.dependency_resolution\": ["
    },
    {
      "source": "/mnt/data/work/stuff4/src111_merge15 - 2025-10-27T222650.778/.build/error_patterns_db.json",
      "example": "\"- Split `OcrModels.java` into `Rect.java`, `OcrSpan.java`, `OcrChunk.java` to satisfy Java's one-public-type-per-file rule.\\n- Enabled Lombok annotation processing in `lms-core` (and tests) to restore getters/setters, constructors, and `@Slf4j` loggers.\\n- These address the cascading 'cannot find symbol get*/set*' and 'log' errors across shared sources compiled by `lms-core`.<path> ], \"gradle.build_failed\": [ \"3 errors<path>: Build failed with an exception.<path> What went wrong:\""
    },
    {
      "source": "/mnt/data/work/stuff4/src111_merge15 - 2025-10-27T222650.778/analysis/build_patterns_aggregated.json",
      "example": "\"sample_error\": [ \"error: package service.rag.auth does not exist\", \"error: cannot find symbol class DomainWhitelist\" ] }"
    },
    {
      "source": "/mnt/data/work/stuff4/src111_merge15 - 2025-10-27T222650.778/analysis/build_patterns_aggregated.json",
      "example": "\"pattern\": \"cannot find symbol\", \"code\": \"MissingSymbol\" }, {"
    },
    {
      "source": "/mnt/data/work/stuff4/src111_merge15 - 2025-10-27T222650.778/build-logs/2025-10-18-compileJava.log",
      "example": "> Task :compileJava <path>:<n>: error: cannot find symbol if (!enabled) return ResponseEntity.status(<n>).body(\"Probe disabled\"); ^"
    },
    {
      "source": "/mnt/data/work/stuff4/src111_merge15 - 2025-10-27T222650.778/build-logs/2025-10-18-compileJava.log",
      "example": "<path>:<n>: error: cannot find symbol if (!enabled) return ResponseEntity.status(<n>).body(\"Probe disabled\"); ^ symbol: variable enabled"
    },
    {
      "source": "/mnt/data/work/stuff4/src111_merge15 - 2025-10-27T222650.778/build-logs/error_patterns_detail.json",
      "example": "], \"javac.cannot-find-symbol\": [ \"> Task :compileJava\\n<path>:<n>: error: cannot find symbol\\n if (!enabled) return ResponseEntity.status(<n>).body(\\\"Probe disabled<path> ^\" ], \"javac.missing-variable.enabled\": ["
    },
    {
      "source": "/mnt/data/work/stuff4/src111_merge15 - 2025-10-27T222650.778/build-logs/error_patterns_detail.json",
      "example": "], \"javac.missing-variable.enabled\": [ \"<path>:<n>: error: cannot find symbol\\n if (!enabled) return ResponseEntity.status(<n>).body(\\\"Probe disabled<path> ^\\n symbol: variable enabled\\n location: class SearchProbeController\" ], \"gradle.compileJava.failed\": ["
    },
    {
      "source": "/mnt/data/work/stuff4/src111_merge15 - 2025-10-27T222650.778/docs/BUILD_ERRORS.md",
      "example": "**Symptom** ``` error: cannot find symbol if (!enabled) return ResponseEntity.status(<n>).body(\"Probe disabled\"); ^"
    },
    {
      "source": "/mnt/data/work/stuff4/src111_merge15 - 2025-10-27T222650.778/docs/BUILD_ERRORS.md",
      "example": "## 2025-10-18 — compileJava failure: cannot find symbol `enabled` in SearchProbeController **Symptom** ```"
    },
    {
      "source": "/mnt/data/work/stuff4/src111_merge15 - 2025-10-27T222650.778/tools/Matrixtxt.snapshot.txt",
      "example": "src111_merge15 (<n>).zip분석하고, 빌드오류 에러패턴이 내부에 남기게한 기능 있는데,그걸로 여태 빌드 패턴들 찾아서,아래 빌드오류 해결하고 src111_merge15.zip로 출력해줘. > Task :compileJava FAILED <path>:<n>: error: cannot find symbol import com.example.lms.service.ChatService; ^"
    },
    {
      "source": "/mnt/data/work/stuff4/src111_merge15 - 2025-10-27T222650.778/tools/Matrixtxt.snapshot.txt",
      "example": "symbol: class ChatService location: package com.example.lms.service <path>:<n>: error: cannot find symbol private final ChatService chatService; ^"
    },
    {
      "source": "/mnt/data/work/stuff4/src111_merge15 - 2025-10-27T222650.778/tools/build_matrix.yaml",
      "example": "actions: [ensure_gradle_wrapper_script] - id: lombok_missing_symbols when: \"(error: cannot find symbol.*@(?:Getter|Setter|Builder|Slf4j|RequiredArgsConstructor))|(lombok)\" actions: [ensure_gradle_lombok, enable_idea_annotation_processing] - id: invalid_java_release"
    },
    {
      "source": "/mnt/data/work/stuff4/src111_merge15 - 2025-10-27T222650.778/tools/build_matrix.yaml",
      "example": "when: \"(error: cannot find symbol.*@(?:Getter|Setter|Builder|Slf4j|RequiredArgsConstructor))|(lombok)\" actions: [ensure_gradle_lombok, enable_idea_annotation_processing] - id: invalid_java_release when: \"(invalid source release)|(target release)|Unsupported class file major version\""
    }
  ],
  "GradleBuildFailed": [
    {
      "source": "/mnt/data/work/stuff4/src111_merge15 - 2025-10-27T214414.465/build_error_patterns_summary.json",
      "example": "\"1) 빌드오류 패턴 스캔 결과 → 원인 규정\\n저장소의 tools/build_memory_config.yaml에는 정규식 기반 오류 사전이 들어있고, 그 중 missing_symbol 규칙이 \\\"Cannot find symbol\\\"을 매칭합니다. 제공해주신 로그는 이 규칙과 정확히 일치했습니다(MissingSymbol). \\n\", \"6) 왜 이 방식이 안전한가?\\n패턴 일치 검증: “Cannot find symbol” → 내부 규칙 missing_symbol로 분류해 원인(심볼 부재)을 즉시 확정. \\n\", \"> Task :compileJava FAILED\\n<path>:<n>: error: cannot find symbol\\nimport com.example.lms.service.ChatService;\", \"^\\n<path>:<n>: error: cannot find symbol\\nimport com.example.lms.service.ChatService;\", \"cannot find symbol log (ChatApiController 등)\\tLombok 미적용/중복 정의\\t@Slf4j로 통일(중복 Logger import 제거), 필요 시 수동 Logger 한 줄 대안 주석\\ncannot find symbol ChatService (컨트롤러<path> 파일 경로 부재<path> 직접 추가\\nincompatible types: ChatOrchestrator.ChatResult -> ChatService.ChatResult\\t반환타입 불일치\\ttoServiceResult(...) 어댑터로 변환 후 반환\","
    },
    {
      "source": "/mnt/data/work/stuff4/src111_merge15 - 2025-10-27T214414.465/build_error_patterns_summary.json",
      "example": "\"class_or_record_expected\": [ \"\\nerror: class, interface, enum, or record expected\\n이는 파일의 클래스 범위 밖에 }가 더 존재할 때 흔히 발생합니다.\", \"> Task :compileJava FAILED\\n<path>:<n>: error: class, interface, enum, or record expected\\n}\", \"Reasoned for 12m 59s\\n다 확인했습니다. 핵심 원인은 NaverProvider.java 말미에 } 가 1개 더 있어서 클래스 블록 밖으로 나간 것입니다. Gradle가 “class, interface, enum, or record expected”를 뿜는 전형적인 상황이죠. 동일 문제가 두 군데에 있었습니다.\\n\", \"\\n다 봤어요. Gradle 컴파일 에러의 직접 원인은 demo-1<path> 내부 괄호 불일치였습니다. } 가 클래스/메서드 범위를 잘못 닫아서 컴파일러가 “class, interface, enum, or record expected” 를 뿜은 상태였고, 특히 두 군데가 깨져 있었습니다.\\n\","
    },
    {
      "source": "/mnt/data/work/stuff4/src111_merge15 - 2025-10-27T214414.465/.build/error_patterns_db.json",
      "example": "], \"java.incompatible_types\": [ \" \\\"> Task :compileJava FAILED<path>:<path>:<n>: error: cannot find symbol<path> com.example.lms.service.ChatService;<path> <path>:<path>:<n>: error: cannot find symbol<path> com.example.lms.service.ChatService;<path> \\\"cannot find symbol log (ChatApiController 등)<path> 미적용/중복 정의<path> 통일(중복 Logger import 제거), 필요 시 수동 Logger 한 줄 대안 주석<path> find symbol ChatService (컨트롤러<path> 파일 경로 부재<path> 직접 추가<path> types: ChatOrchestrator.ChatResult -> ChatService.ChatResult<path> 불일치<path> 어댑터로 변환 후 반환<path> \\\"interface expected here (ChatServiceImpl implements ChatService)<path> 클래스(레거시)로 남아있던 충돌<path> legacy/ChatServiceLegacy로 이동/개명 + 인터페이스 도입<path> find symbol log (ChatApiController 등)<path> 미적용/중복 정의<path> 통일(중복 Logger import 제거), 필요 시 수동 Logger 한 줄 대안 주석<path> find symbol ChatService (컨트롤러<path> 파일 경로 부재<path> 직접 추가<path> \\\"“빌드 에러 패턴 메모리” 적용 요약<path> 감지: 서비스 인터페이스 유실 → 전 계층에서 cannot find symbol 다발<path> ], \"gradle.dependency_resolution\": ["
    },
    {
      "source": "/mnt/data/work/stuff4/src111_merge15 - 2025-10-27T214414.465/_assistant/diagnostics/build_error_patterns.json",
      "example": "{ \"file\": \"src/fix-and-build.ps1\", \"pattern\": \"BUILD FAILED\", \"line\": \"BUILD FAILED\" },"
    },
    {
      "source": "/mnt/data/work/stuff4/src111_merge15 - 2025-10-27T214414.465/_assistant/diagnostics/build_error_patterns.json",
      "example": "\"file\": \"src/fix-and-build.ps1\", \"pattern\": \"BUILD FAILED\", \"line\": \"BUILD FAILED\" }, {"
    },
    {
      "source": "/mnt/data/work/stuff4/src111_merge15 - 2025-10-27T214414.465/build-logs/2025-10-18-bootRun.log",
      "example": "Caused by: org.springframework.beans.TypeMismatchException: Failed to convert value of type 'java.lang.String' to required type 'boolean'; Invalid boolean value [{probe.search.enabled:false}] Caused by: java.lang.IllegalArgumentException: Invalid boolean value [{probe.search.enabled:false}] > Task :bootRun FAILED FAILURE: Build failed with an exception. * What went wrong:"
    },
    {
      "source": "/mnt/data/work/stuff4/src111_merge15 - 2025-10-27T214414.465/build-logs/2025-10-18-bootRun.log",
      "example": "FAILURE: Build failed with an exception. * What went wrong: Execution failed for task ':bootRun'. > Process 'command '<path> finished with non-zero exit value 1"
    },
    {
      "source": "/mnt/data/work/stuff4/src111_merge15 - 2025-10-27T214414.465/build-logs/2025-10-18-compileJava.log",
      "example": "1 error > Task :compileJava FAILED FAILURE: Build failed with an exception."
    },
    {
      "source": "/mnt/data/work/stuff4/src111_merge15 - 2025-10-27T214414.465/build-logs/error_patterns_detail.json",
      "example": "\"2025-10-18T20:<n>:00.742+0900 WARN o.s.b.w.s.c.AnnotationConfigServletWebServerApplicationContext - Exception encountered during context initialization - cancelling refresh attempt: org.springframework.beans.factory.UnsatisfiedDependencyException: Error creating bean with name 'searchProbeController' defined in file [<path>: Unsatisfied dependency expressed through constructor parameter 1: Failed to convert value of type 'java.lang.String' to required type 'boolean'; Invalid boolean value [{probe.search.enabled:false}]\\n2025-10-18T20:<n>:00.794+0900 ERROR o.s.boot.SpringApplication - Application run failed\\norg.springframework.beans.factory.UnsatisfiedDependencyException: Error creating bean with name 'searchProbeController' defined in file [<path>: Unsatisfied dependency expressed through constructor parameter 1: Failed to convert value of type 'java.lang.String' to required type 'boolean'; Invalid boolean value [{probe.search.enabled:false}]\", \"2025-10-18T20:<n>:00.742+0900 WARN o.s.b.w.s.c.AnnotationConfigServletWebServerApplicationContext - Exception encountered during context initialization - cancelling refresh attempt: org.springframework.beans.factory.UnsatisfiedDependencyException: Error creating bean with name 'searchProbeController' defined in file [<path>: Unsatisfied dependency expressed through constructor parameter 1: Failed to convert value of type 'java.lang.String' to required type 'boolean'; Invalid boolean value [{probe.search.enabled:false}]\\n2025-10-18T20:<n>:00.794+0900 ERROR o.s.boot.SpringApplication - Application run failed\\norg.springframework.beans.factory.UnsatisfiedDependencyException: Error creating bean with name 'searchProbeController' defined in file [<path>: Unsatisfied dependency expressed through constructor parameter 1: Failed to convert value of type 'java.lang.String' to required type 'boolean'; Invalid boolean value [{probe.search.enabled:false}]\\nCaused by: org.springframework.beans.TypeMismatchException: Failed to convert value of type 'java.lang.String' to required type 'boolean'; Invalid boolean value [{probe.search.enabled:false}]\\nCaused by: java.lang.IllegalArgumentException: Invalid boolean value [{probe.search.enabled:false}]\", \"2025-10-18T20:<n>:00.794+0900 ERROR o.s.boot.SpringApplication - Application run failed\\norg.springframework.beans.factory.UnsatisfiedDependencyException: Error creating bean with name 'searchProbeController' defined in file [<path>: Unsatisfied dependency expressed through constructor parameter 1: Failed to convert value of type 'java.lang.String' to required type 'boolean'; Invalid boolean value [{probe.search.enabled:false}]\\nCaused by: org.springframework.beans.TypeMismatchException: Failed to convert value of type 'java.lang.String' to required type 'boolean'; Invalid boolean value [{probe.search.enabled:false}]\\nCaused by: java.lang.IllegalArgumentException: Invalid boolean value [{probe.search.enabled:false}]\\n> Task :bootRun FAILED\", \"org.springframework.beans.factory.UnsatisfiedDependencyException: Error creating bean with name 'searchProbeController' defined in file [<path>: Unsatisfied dependency expressed through constructor parameter 1: Failed to convert value of type 'java.lang.String' to required type 'boolean'; Invalid boolean value [{probe.search.enabled:false}]\\nCaused by: org.springframework.beans.TypeMismatchException: Failed to convert value of type 'java.lang.String' to required type 'boolean'; Invalid boolean value [{probe.search.enabled:false}]\\nCaused by: java.lang.IllegalArgumentException: Invalid boolean value [{probe.search.enabled:false}]\\n> Task :bootRun FAILED\\nFAILURE: Build failed with an exception.\" ],"
    },
    {
      "source": "/mnt/data/work/stuff4/src111_merge15 - 2025-10-27T214414.465/build-logs/error_patterns_detail.json",
      "example": "\"2025-10-18T20:<n>:00.742+0900 WARN o.s.b.w.s.c.AnnotationConfigServletWebServerApplicationContext - Exception encountered during context initialization - cancelling refresh attempt: org.springframework.beans.factory.UnsatisfiedDependencyException: Error creating bean with name 'searchProbeController' defined in file [<path>: Unsatisfied dependency expressed through constructor parameter 1: Failed to convert value of type 'java.lang.String' to required type 'boolean'; Invalid boolean value [{probe.search.enabled:false}]\\n2025-10-18T20:<n>:00.794+0900 ERROR o.s.boot.SpringApplication - Application run failed\\norg.springframework.beans.factory.UnsatisfiedDependencyException: Error creating bean with name 'searchProbeController' defined in file [<path>: Unsatisfied dependency expressed through constructor parameter 1: Failed to convert value of type 'java.lang.String' to required type 'boolean'; Invalid boolean value [{probe.search.enabled:false}]\\nCaused by: org.springframework.beans.TypeMismatchException: Failed to convert value of type 'java.lang.String' to required type 'boolean'; Invalid boolean value [{probe.search.enabled:false}]\\nCaused by: java.lang.IllegalArgumentException: Invalid boolean value [{probe.search.enabled:false}]\", \"2025-10-18T20:<n>:00.794+0900 ERROR o.s.boot.SpringApplication - Application run failed\\norg.springframework.beans.factory.UnsatisfiedDependencyException: Error creating bean with name 'searchProbeController' defined in file [<path>: Unsatisfied dependency expressed through constructor parameter 1: Failed to convert value of type 'java.lang.String' to required type 'boolean'; Invalid boolean value [{probe.search.enabled:false}]\\nCaused by: org.springframework.beans.TypeMismatchException: Failed to convert value of type 'java.lang.String' to required type 'boolean'; Invalid boolean value [{probe.search.enabled:false}]\\nCaused by: java.lang.IllegalArgumentException: Invalid boolean value [{probe.search.enabled:false}]\\n> Task :bootRun FAILED\", \"org.springframework.beans.factory.UnsatisfiedDependencyException: Error creating bean with name 'searchProbeController' defined in file [<path>: Unsatisfied dependency expressed through constructor parameter 1: Failed to convert value of type 'java.lang.String' to required type 'boolean'; Invalid boolean value [{probe.search.enabled:false}]\\nCaused by: org.springframework.beans.TypeMismatchException: Failed to convert value of type 'java.lang.String' to required type 'boolean'; Invalid boolean value [{probe.search.enabled:false}]\\nCaused by: java.lang.IllegalArgumentException: Invalid boolean value [{probe.search.enabled:false}]\\n> Task :bootRun FAILED\\nFAILURE: Build failed with an exception.\" ], \"spring.boot.application-run-failed\": ["
    },
    {
      "source": "/mnt/data/work/stuff4/src111_merge15 - 2025-10-27T214414.465/scripts/analyze_build_output.py",
      "example": "LOG_PATTERNS = { \"gradle_build_failed\": re.compile(r\"FAILURE: Build failed with an exception\", re.I), \"gradle_task_failed\": re.compile(r\"Execution failed for task\", re.I), \"dependency_resolve_failed\": re.compile(r\"Could not resolve (?:all )?files? for configuration|Could not resolve [^:]+:[^:]+\", re.I), \"java_symbol_not_found\": re.compile(r\"symbol:\\s+(?:class|method|variable)\\s\", re.I),"
    },
    {
      "source": "/mnt/data/work/stuff4/src111_merge15 - 2025-10-27T214414.465/src/fix-and-build.ps1",
      "example": "Start-Sleep -Seconds 1 } Write-Error \"BUILD FAILED after $MaxAttempts attempts. See build<path> if available.\" exit 1"
    },
    {
      "source": "/mnt/data/work/stuff4/src111_merge15 - 2025-10-27T214414.465/tools/Matrixtxt.snapshot.txt",
      "example": "src111_merge15 (<n>).zip분석하고, 빌드오류 에러패턴이 내부에 남기게한 기능 있는데,그걸로 여태 빌드 패턴들 찾아서,아래 빌드오류 해결하고 src111_merge15.zip로 출력해줘. > Task :compileJava FAILED <path>:<n>: error: cannot find symbol import com.example.lms.service.ChatService;"
    },
    {
      "source": "/mnt/data/work/stuff4/src111_merge15 - 2025-10-27T214414.465/tools/Matrixtxt.snapshot.txt",
      "example": "* What went wrong: Execution failed for task ':compileJava'. > Compilation failed; see the compiler error output for details."
    },
    {
      "source": "/mnt/data/work/stuff4/src111_merge15 - 2025-10-27T214414.465/tools/error_pattern_extractor.py",
      "example": "'spring.beans.unsatisfied-dependency': re.compile(r'UnsatisfiedDependencyException'), 'spring.beans.type-mismatch': re.compile(r'TypeMismatchException'), 'gradle.bootRun.failed': re.compile(r'> Task :bootRun FAILED'), 'gradle.process.non-zero-exit': re.compile(r'finished with non-zero exit value'), 'gradle.compileJava.failed': re.compile(r'> Task :compileJava FAILED'),"
    },
    {
      "source": "/mnt/data/work/stuff4/src111_merge15 - 2025-10-27T214414.465/tools/error_pattern_extractor.py",
      "example": "'gradle.bootRun.failed': re.compile(r'> Task :bootRun FAILED'), 'gradle.process.non-zero-exit': re.compile(r'finished with non-zero exit value'), 'gradle.compileJava.failed': re.compile(r'> Task :compileJava FAILED'), 'javac.cannot-find-symbol': re.compile(r'error:\\s+cannot find symbol'), 'javac.package-not-found': re.compile(r'error:\\s+package .+ does not exist'),"
    },
    {
      "source": "/mnt/data/work/stuff4/src111_merge15 - 2025-10-28T010004.821/build_error_patterns_summary.json",
      "example": "\"1) 빌드오류 패턴 스캔 결과 → 원인 규정\\n저장소의 tools/build_memory_config.yaml에는 정규식 기반 오류 사전이 들어있고, 그 중 missing_symbol 규칙이 \\\"Cannot find symbol\\\"을 매칭합니다. 제공해주신 로그는 이 규칙과 정확히 일치했습니다(MissingSymbol). \\n\", \"6) 왜 이 방식이 안전한가?\\n패턴 일치 검증: “Cannot find symbol” → 내부 규칙 missing_symbol로 분류해 원인(심볼 부재)을 즉시 확정. \\n\", \"> Task :compileJava FAILED\\n<path>:<n>: error: cannot find symbol\\nimport com.example.lms.service.ChatService;\", \"^\\n<path>:<n>: error: cannot find symbol\\nimport com.example.lms.service.ChatService;\", \"cannot find symbol log (ChatApiController 등)\\tLombok 미적용/중복 정의\\t@Slf4j로 통일(중복 Logger import 제거), 필요 시 수동 Logger 한 줄 대안 주석\\ncannot find symbol ChatService (컨트롤러<path> 파일 경로 부재<path> 직접 추가\\nincompatible types: ChatOrchestrator.ChatResult -> ChatService.ChatResult\\t반환타입 불일치\\ttoServiceResult(...) 어댑터로 변환 후 반환\","
    },
    {
      "source": "/mnt/data/work/stuff4/src111_merge15 - 2025-10-28T010004.821/build_error_patterns_summary.json",
      "example": "\"class_or_record_expected\": [ \"\\nerror: class, interface, enum, or record expected\\n이는 파일의 클래스 범위 밖에 }가 더 존재할 때 흔히 발생합니다.\", \"> Task :compileJava FAILED\\n<path>:<n>: error: class, interface, enum, or record expected\\n}\", \"Reasoned for 12m 59s\\n다 확인했습니다. 핵심 원인은 NaverProvider.java 말미에 } 가 1개 더 있어서 클래스 블록 밖으로 나간 것입니다. Gradle가 “class, interface, enum, or record expected”를 뿜는 전형적인 상황이죠. 동일 문제가 두 군데에 있었습니다.\\n\", \"\\n다 봤어요. Gradle 컴파일 에러의 직접 원인은 demo-1<path> 내부 괄호 불일치였습니다. } 가 클래스/메서드 범위를 잘못 닫아서 컴파일러가 “class, interface, enum, or record expected” 를 뿜은 상태였고, 특히 두 군데가 깨져 있었습니다.\\n\","
    },
    {
      "source": "/mnt/data/work/stuff4/src111_merge15 - 2025-10-28T010004.821/.build/error_patterns_db.json",
      "example": "], \"java.incompatible_types\": [ \" \\\"> Task :compileJava FAILED<path>:<path>:<n>: error: cannot find symbol<path> com.example.lms.service.ChatService;<path> <path>:<path>:<n>: error: cannot find symbol<path> com.example.lms.service.ChatService;<path> \\\"cannot find symbol log (ChatApiController 등)<path> 미적용/중복 정의<path> 통일(중복 Logger import 제거), 필요 시 수동 Logger 한 줄 대안 주석<path> find symbol ChatService (컨트롤러<path> 파일 경로 부재<path> 직접 추가<path> types: ChatOrchestrator.ChatResult -> ChatService.ChatResult<path> 불일치<path> 어댑터로 변환 후 반환<path> \\\"interface expected here (ChatServiceImpl implements ChatService)<path> 클래스(레거시)로 남아있던 충돌<path> legacy/ChatServiceLegacy로 이동/개명 + 인터페이스 도입<path> find symbol log (ChatApiController 등)<path> 미적용/중복 정의<path> 통일(중복 Logger import 제거), 필요 시 수동 Logger 한 줄 대안 주석<path> find symbol ChatService (컨트롤러<path> 파일 경로 부재<path> 직접 추가<path> \\\"“빌드 에러 패턴 메모리” 적용 요약<path> 감지: 서비스 인터페이스 유실 → 전 계층에서 cannot find symbol 다발<path> ], \"gradle.dependency_resolution\": ["
    },
    {
      "source": "/mnt/data/work/stuff4/src111_merge15 - 2025-10-28T010004.821/_assistant/diagnostics/build_error_patterns.json",
      "example": "{ \"file\": \"src/fix-and-build.ps1\", \"pattern\": \"BUILD FAILED\", \"line\": \"BUILD FAILED\" },"
    },
    {
      "source": "/mnt/data/work/stuff4/src111_merge15 - 2025-10-28T010004.821/_assistant/diagnostics/build_error_patterns.json",
      "example": "\"file\": \"src/fix-and-build.ps1\", \"pattern\": \"BUILD FAILED\", \"line\": \"BUILD FAILED\" }, {"
    },
    {
      "source": "/mnt/data/work/stuff4/src111_merge15 - 2025-10-28T010004.821/build-logs/2025-10-18-bootRun.log",
      "example": "Caused by: org.springframework.beans.TypeMismatchException: Failed to convert value of type 'java.lang.String' to required type 'boolean'; Invalid boolean value [{probe.search.enabled:false}] Caused by: java.lang.IllegalArgumentException: Invalid boolean value [{probe.search.enabled:false}] > Task :bootRun FAILED FAILURE: Build failed with an exception. * What went wrong:"
    },
    {
      "source": "/mnt/data/work/stuff4/src111_merge15 - 2025-10-28T010004.821/build-logs/2025-10-18-bootRun.log",
      "example": "FAILURE: Build failed with an exception. * What went wrong: Execution failed for task ':bootRun'. > Process 'command '<path> finished with non-zero exit value 1"
    },
    {
      "source": "/mnt/data/work/stuff4/src111_merge15 - 2025-10-28T010004.821/build-logs/2025-10-18-compileJava.log",
      "example": "1 error > Task :compileJava FAILED FAILURE: Build failed with an exception."
    },
    {
      "source": "/mnt/data/work/stuff4/src111_merge15 - 2025-10-28T010004.821/build-logs/error_patterns_detail.json",
      "example": "\"2025-10-18T20:<n>:00.742+0900 WARN o.s.b.w.s.c.AnnotationConfigServletWebServerApplicationContext - Exception encountered during context initialization - cancelling refresh attempt: org.springframework.beans.factory.UnsatisfiedDependencyException: Error creating bean with name 'searchProbeController' defined in file [<path>: Unsatisfied dependency expressed through constructor parameter 1: Failed to convert value of type 'java.lang.String' to required type 'boolean'; Invalid boolean value [{probe.search.enabled:false}]\\n2025-10-18T20:<n>:00.794+0900 ERROR o.s.boot.SpringApplication - Application run failed\\norg.springframework.beans.factory.UnsatisfiedDependencyException: Error creating bean with name 'searchProbeController' defined in file [<path>: Unsatisfied dependency expressed through constructor parameter 1: Failed to convert value of type 'java.lang.String' to required type 'boolean'; Invalid boolean value [{probe.search.enabled:false}]\", \"2025-10-18T20:<n>:00.742+0900 WARN o.s.b.w.s.c.AnnotationConfigServletWebServerApplicationContext - Exception encountered during context initialization - cancelling refresh attempt: org.springframework.beans.factory.UnsatisfiedDependencyException: Error creating bean with name 'searchProbeController' defined in file [<path>: Unsatisfied dependency expressed through constructor parameter 1: Failed to convert value of type 'java.lang.String' to required type 'boolean'; Invalid boolean value [{probe.search.enabled:false}]\\n2025-10-18T20:<n>:00.794+0900 ERROR o.s.boot.SpringApplication - Application run failed\\norg.springframework.beans.factory.UnsatisfiedDependencyException: Error creating bean with name 'searchProbeController' defined in file [<path>: Unsatisfied dependency expressed through constructor parameter 1: Failed to convert value of type 'java.lang.String' to required type 'boolean'; Invalid boolean value [{probe.search.enabled:false}]\\nCaused by: org.springframework.beans.TypeMismatchException: Failed to convert value of type 'java.lang.String' to required type 'boolean'; Invalid boolean value [{probe.search.enabled:false}]\\nCaused by: java.lang.IllegalArgumentException: Invalid boolean value [{probe.search.enabled:false}]\", \"2025-10-18T20:<n>:00.794+0900 ERROR o.s.boot.SpringApplication - Application run failed\\norg.springframework.beans.factory.UnsatisfiedDependencyException: Error creating bean with name 'searchProbeController' defined in file [<path>: Unsatisfied dependency expressed through constructor parameter 1: Failed to convert value of type 'java.lang.String' to required type 'boolean'; Invalid boolean value [{probe.search.enabled:false}]\\nCaused by: org.springframework.beans.TypeMismatchException: Failed to convert value of type 'java.lang.String' to required type 'boolean'; Invalid boolean value [{probe.search.enabled:false}]\\nCaused by: java.lang.IllegalArgumentException: Invalid boolean value [{probe.search.enabled:false}]\\n> Task :bootRun FAILED\", \"org.springframework.beans.factory.UnsatisfiedDependencyException: Error creating bean with name 'searchProbeController' defined in file [<path>: Unsatisfied dependency expressed through constructor parameter 1: Failed to convert value of type 'java.lang.String' to required type 'boolean'; Invalid boolean value [{probe.search.enabled:false}]\\nCaused by: org.springframework.beans.TypeMismatchException: Failed to convert value of type 'java.lang.String' to required type 'boolean'; Invalid boolean value [{probe.search.enabled:false}]\\nCaused by: java.lang.IllegalArgumentException: Invalid boolean value [{probe.search.enabled:false}]\\n> Task :bootRun FAILED\\nFAILURE: Build failed with an exception.\" ],"
    },
    {
      "source": "/mnt/data/work/stuff4/src111_merge15 - 2025-10-28T010004.821/build-logs/error_patterns_detail.json",
      "example": "\"2025-10-18T20:<n>:00.742+0900 WARN o.s.b.w.s.c.AnnotationConfigServletWebServerApplicationContext - Exception encountered during context initialization - cancelling refresh attempt: org.springframework.beans.factory.UnsatisfiedDependencyException: Error creating bean with name 'searchProbeController' defined in file [<path>: Unsatisfied dependency expressed through constructor parameter 1: Failed to convert value of type 'java.lang.String' to required type 'boolean'; Invalid boolean value [{probe.search.enabled:false}]\\n2025-10-18T20:<n>:00.794+0900 ERROR o.s.boot.SpringApplication - Application run failed\\norg.springframework.beans.factory.UnsatisfiedDependencyException: Error creating bean with name 'searchProbeController' defined in file [<path>: Unsatisfied dependency expressed through constructor parameter 1: Failed to convert value of type 'java.lang.String' to required type 'boolean'; Invalid boolean value [{probe.search.enabled:false}]\\nCaused by: org.springframework.beans.TypeMismatchException: Failed to convert value of type 'java.lang.String' to required type 'boolean'; Invalid boolean value [{probe.search.enabled:false}]\\nCaused by: java.lang.IllegalArgumentException: Invalid boolean value [{probe.search.enabled:false}]\", \"2025-10-18T20:<n>:00.794+0900 ERROR o.s.boot.SpringApplication - Application run failed\\norg.springframework.beans.factory.UnsatisfiedDependencyException: Error creating bean with name 'searchProbeController' defined in file [<path>: Unsatisfied dependency expressed through constructor parameter 1: Failed to convert value of type 'java.lang.String' to required type 'boolean'; Invalid boolean value [{probe.search.enabled:false}]\\nCaused by: org.springframework.beans.TypeMismatchException: Failed to convert value of type 'java.lang.String' to required type 'boolean'; Invalid boolean value [{probe.search.enabled:false}]\\nCaused by: java.lang.IllegalArgumentException: Invalid boolean value [{probe.search.enabled:false}]\\n> Task :bootRun FAILED\", \"org.springframework.beans.factory.UnsatisfiedDependencyException: Error creating bean with name 'searchProbeController' defined in file [<path>: Unsatisfied dependency expressed through constructor parameter 1: Failed to convert value of type 'java.lang.String' to required type 'boolean'; Invalid boolean value [{probe.search.enabled:false}]\\nCaused by: org.springframework.beans.TypeMismatchException: Failed to convert value of type 'java.lang.String' to required type 'boolean'; Invalid boolean value [{probe.search.enabled:false}]\\nCaused by: java.lang.IllegalArgumentException: Invalid boolean value [{probe.search.enabled:false}]\\n> Task :bootRun FAILED\\nFAILURE: Build failed with an exception.\" ], \"spring.boot.application-run-failed\": ["
    },
    {
      "source": "/mnt/data/work/stuff4/src111_merge15 - 2025-10-28T010004.821/scripts/analyze_build_output.py",
      "example": "LOG_PATTERNS = { \"gradle_build_failed\": re.compile(r\"FAILURE: Build failed with an exception\", re.I), \"gradle_task_failed\": re.compile(r\"Execution failed for task\", re.I), \"dependency_resolve_failed\": re.compile(r\"Could not resolve (?:all )?files? for configuration|Could not resolve [^:]+:[^:]+\", re.I), \"java_symbol_not_found\": re.compile(r\"symbol:\\s+(?:class|method|variable)\\s\", re.I),"
    },
    {
      "source": "/mnt/data/work/stuff4/src111_merge15 - 2025-10-28T010004.821/src/fix-and-build.ps1",
      "example": "Start-Sleep -Seconds 1 } Write-Error \"BUILD FAILED after $MaxAttempts attempts. See build<path> if available.\" exit 1"
    },
    {
      "source": "/mnt/data/work/stuff4/src111_merge15 - 2025-10-28T010004.821/tools/Matrixtxt.snapshot.txt",
      "example": "src111_merge15 (<n>).zip분석하고, 빌드오류 에러패턴이 내부에 남기게한 기능 있는데,그걸로 여태 빌드 패턴들 찾아서,아래 빌드오류 해결하고 src111_merge15.zip로 출력해줘. > Task :compileJava FAILED <path>:<n>: error: cannot find symbol import com.example.lms.service.ChatService;"
    },
    {
      "source": "/mnt/data/work/stuff4/src111_merge15 - 2025-10-28T010004.821/tools/Matrixtxt.snapshot.txt",
      "example": "* What went wrong: Execution failed for task ':compileJava'. > Compilation failed; see the compiler error output for details."
    },
    {
      "source": "/mnt/data/work/stuff4/src111_merge15 - 2025-10-28T010004.821/tools/error_pattern_extractor.py",
      "example": "'spring.beans.unsatisfied-dependency': re.compile(r'UnsatisfiedDependencyException'), 'spring.beans.type-mismatch': re.compile(r'TypeMismatchException'), 'gradle.bootRun.failed': re.compile(r'> Task :bootRun FAILED'), 'gradle.process.non-zero-exit': re.compile(r'finished with non-zero exit value'), 'gradle.compileJava.failed': re.compile(r'> Task :compileJava FAILED'),"
    },
    {
      "source": "/mnt/data/work/stuff4/src111_merge15 - 2025-10-28T010004.821/tools/error_pattern_extractor.py",
      "example": "'gradle.bootRun.failed': re.compile(r'> Task :bootRun FAILED'), 'gradle.process.non-zero-exit': re.compile(r'finished with non-zero exit value'), 'gradle.compileJava.failed': re.compile(r'> Task :compileJava FAILED'), 'javac.cannot-find-symbol': re.compile(r'error:\\s+cannot find symbol'), 'javac.package-not-found': re.compile(r'error:\\s+package .+ does not exist'),"
    },
    {
      "source": "/mnt/data/work/stuff4/src111_merge15 - 2025-10-27T222650.778/build_error_patterns_summary.json",
      "example": "\"1) 빌드오류 패턴 스캔 결과 → 원인 규정\\n저장소의 tools/build_memory_config.yaml에는 정규식 기반 오류 사전이 들어있고, 그 중 missing_symbol 규칙이 \\\"Cannot find symbol\\\"을 매칭합니다. 제공해주신 로그는 이 규칙과 정확히 일치했습니다(MissingSymbol). \\n\", \"6) 왜 이 방식이 안전한가?\\n패턴 일치 검증: “Cannot find symbol” → 내부 규칙 missing_symbol로 분류해 원인(심볼 부재)을 즉시 확정. \\n\", \"> Task :compileJava FAILED\\n<path>:<n>: error: cannot find symbol\\nimport com.example.lms.service.ChatService;\", \"^\\n<path>:<n>: error: cannot find symbol\\nimport com.example.lms.service.ChatService;\", \"cannot find symbol log (ChatApiController 등)\\tLombok 미적용/중복 정의\\t@Slf4j로 통일(중복 Logger import 제거), 필요 시 수동 Logger 한 줄 대안 주석\\ncannot find symbol ChatService (컨트롤러<path> 파일 경로 부재<path> 직접 추가\\nincompatible types: ChatOrchestrator.ChatResult -> ChatService.ChatResult\\t반환타입 불일치\\ttoServiceResult(...) 어댑터로 변환 후 반환\","
    },
    {
      "source": "/mnt/data/work/stuff4/src111_merge15 - 2025-10-27T222650.778/build_error_patterns_summary.json",
      "example": "\"class_or_record_expected\": [ \"\\nerror: class, interface, enum, or record expected\\n이는 파일의 클래스 범위 밖에 }가 더 존재할 때 흔히 발생합니다.\", \"> Task :compileJava FAILED\\n<path>:<n>: error: class, interface, enum, or record expected\\n}\", \"Reasoned for 12m 59s\\n다 확인했습니다. 핵심 원인은 NaverProvider.java 말미에 } 가 1개 더 있어서 클래스 블록 밖으로 나간 것입니다. Gradle가 “class, interface, enum, or record expected”를 뿜는 전형적인 상황이죠. 동일 문제가 두 군데에 있었습니다.\\n\", \"\\n다 봤어요. Gradle 컴파일 에러의 직접 원인은 demo-1<path> 내부 괄호 불일치였습니다. } 가 클래스/메서드 범위를 잘못 닫아서 컴파일러가 “class, interface, enum, or record expected” 를 뿜은 상태였고, 특히 두 군데가 깨져 있었습니다.\\n\","
    },
    {
      "source": "/mnt/data/work/stuff4/src111_merge15 - 2025-10-27T222650.778/.build/error_patterns_db.json",
      "example": "], \"java.incompatible_types\": [ \" \\\"> Task :compileJava FAILED<path>:<path>:<n>: error: cannot find symbol<path> com.example.lms.service.ChatService;<path> <path>:<path>:<n>: error: cannot find symbol<path> com.example.lms.service.ChatService;<path> \\\"cannot find symbol log (ChatApiController 등)<path> 미적용/중복 정의<path> 통일(중복 Logger import 제거), 필요 시 수동 Logger 한 줄 대안 주석<path> find symbol ChatService (컨트롤러<path> 파일 경로 부재<path> 직접 추가<path> types: ChatOrchestrator.ChatResult -> ChatService.ChatResult<path> 불일치<path> 어댑터로 변환 후 반환<path> \\\"interface expected here (ChatServiceImpl implements ChatService)<path> 클래스(레거시)로 남아있던 충돌<path> legacy/ChatServiceLegacy로 이동/개명 + 인터페이스 도입<path> find symbol log (ChatApiController 등)<path> 미적용/중복 정의<path> 통일(중복 Logger import 제거), 필요 시 수동 Logger 한 줄 대안 주석<path> find symbol ChatService (컨트롤러<path> 파일 경로 부재<path> 직접 추가<path> \\\"“빌드 에러 패턴 메모리” 적용 요약<path> 감지: 서비스 인터페이스 유실 → 전 계층에서 cannot find symbol 다발<path> ], \"gradle.dependency_resolution\": ["
    },
    {
      "source": "/mnt/data/work/stuff4/src111_merge15 - 2025-10-27T222650.778/_assistant/diagnostics/build_error_patterns.json",
      "example": "{ \"file\": \"src/fix-and-build.ps1\", \"pattern\": \"BUILD FAILED\", \"line\": \"BUILD FAILED\" },"
    },
    {
      "source": "/mnt/data/work/stuff4/src111_merge15 - 2025-10-27T222650.778/_assistant/diagnostics/build_error_patterns.json",
      "example": "\"file\": \"src/fix-and-build.ps1\", \"pattern\": \"BUILD FAILED\", \"line\": \"BUILD FAILED\" }, {"
    },
    {
      "source": "/mnt/data/work/stuff4/src111_merge15 - 2025-10-27T222650.778/build-logs/2025-10-18-bootRun.log",
      "example": "Caused by: org.springframework.beans.TypeMismatchException: Failed to convert value of type 'java.lang.String' to required type 'boolean'; Invalid boolean value [{probe.search.enabled:false}] Caused by: java.lang.IllegalArgumentException: Invalid boolean value [{probe.search.enabled:false}] > Task :bootRun FAILED FAILURE: Build failed with an exception. * What went wrong:"
    },
    {
      "source": "/mnt/data/work/stuff4/src111_merge15 - 2025-10-27T222650.778/build-logs/2025-10-18-bootRun.log",
      "example": "FAILURE: Build failed with an exception. * What went wrong: Execution failed for task ':bootRun'. > Process 'command '<path> finished with non-zero exit value 1"
    },
    {
      "source": "/mnt/data/work/stuff4/src111_merge15 - 2025-10-27T222650.778/build-logs/2025-10-18-compileJava.log",
      "example": "1 error > Task :compileJava FAILED FAILURE: Build failed with an exception."
    },
    {
      "source": "/mnt/data/work/stuff4/src111_merge15 - 2025-10-27T222650.778/build-logs/error_patterns_detail.json",
      "example": "\"2025-10-18T20:<n>:00.742+0900 WARN o.s.b.w.s.c.AnnotationConfigServletWebServerApplicationContext - Exception encountered during context initialization - cancelling refresh attempt: org.springframework.beans.factory.UnsatisfiedDependencyException: Error creating bean with name 'searchProbeController' defined in file [<path>: Unsatisfied dependency expressed through constructor parameter 1: Failed to convert value of type 'java.lang.String' to required type 'boolean'; Invalid boolean value [{probe.search.enabled:false}]\\n2025-10-18T20:<n>:00.794+0900 ERROR o.s.boot.SpringApplication - Application run failed\\norg.springframework.beans.factory.UnsatisfiedDependencyException: Error creating bean with name 'searchProbeController' defined in file [<path>: Unsatisfied dependency expressed through constructor parameter 1: Failed to convert value of type 'java.lang.String' to required type 'boolean'; Invalid boolean value [{probe.search.enabled:false}]\", \"2025-10-18T20:<n>:00.742+0900 WARN o.s.b.w.s.c.AnnotationConfigServletWebServerApplicationContext - Exception encountered during context initialization - cancelling refresh attempt: org.springframework.beans.factory.UnsatisfiedDependencyException: Error creating bean with name 'searchProbeController' defined in file [<path>: Unsatisfied dependency expressed through constructor parameter 1: Failed to convert value of type 'java.lang.String' to required type 'boolean'; Invalid boolean value [{probe.search.enabled:false}]\\n2025-10-18T20:<n>:00.794+0900 ERROR o.s.boot.SpringApplication - Application run failed\\norg.springframework.beans.factory.UnsatisfiedDependencyException: Error creating bean with name 'searchProbeController' defined in file [<path>: Unsatisfied dependency expressed through constructor parameter 1: Failed to convert value of type 'java.lang.String' to required type 'boolean'; Invalid boolean value [{probe.search.enabled:false}]\\nCaused by: org.springframework.beans.TypeMismatchException: Failed to convert value of type 'java.lang.String' to required type 'boolean'; Invalid boolean value [{probe.search.enabled:false}]\\nCaused by: java.lang.IllegalArgumentException: Invalid boolean value [{probe.search.enabled:false}]\", \"2025-10-18T20:<n>:00.794+0900 ERROR o.s.boot.SpringApplication - Application run failed\\norg.springframework.beans.factory.UnsatisfiedDependencyException: Error creating bean with name 'searchProbeController' defined in file [<path>: Unsatisfied dependency expressed through constructor parameter 1: Failed to convert value of type 'java.lang.String' to required type 'boolean'; Invalid boolean value [{probe.search.enabled:false}]\\nCaused by: org.springframework.beans.TypeMismatchException: Failed to convert value of type 'java.lang.String' to required type 'boolean'; Invalid boolean value [{probe.search.enabled:false}]\\nCaused by: java.lang.IllegalArgumentException: Invalid boolean value [{probe.search.enabled:false}]\\n> Task :bootRun FAILED\", \"org.springframework.beans.factory.UnsatisfiedDependencyException: Error creating bean with name 'searchProbeController' defined in file [<path>: Unsatisfied dependency expressed through constructor parameter 1: Failed to convert value of type 'java.lang.String' to required type 'boolean'; Invalid boolean value [{probe.search.enabled:false}]\\nCaused by: org.springframework.beans.TypeMismatchException: Failed to convert value of type 'java.lang.String' to required type 'boolean'; Invalid boolean value [{probe.search.enabled:false}]\\nCaused by: java.lang.IllegalArgumentException: Invalid boolean value [{probe.search.enabled:false}]\\n> Task :bootRun FAILED\\nFAILURE: Build failed with an exception.\" ],"
    },
    {
      "source": "/mnt/data/work/stuff4/src111_merge15 - 2025-10-27T222650.778/build-logs/error_patterns_detail.json",
      "example": "\"2025-10-18T20:<n>:00.742+0900 WARN o.s.b.w.s.c.AnnotationConfigServletWebServerApplicationContext - Exception encountered during context initialization - cancelling refresh attempt: org.springframework.beans.factory.UnsatisfiedDependencyException: Error creating bean with name 'searchProbeController' defined in file [<path>: Unsatisfied dependency expressed through constructor parameter 1: Failed to convert value of type 'java.lang.String' to required type 'boolean'; Invalid boolean value [{probe.search.enabled:false}]\\n2025-10-18T20:<n>:00.794+0900 ERROR o.s.boot.SpringApplication - Application run failed\\norg.springframework.beans.factory.UnsatisfiedDependencyException: Error creating bean with name 'searchProbeController' defined in file [<path>: Unsatisfied dependency expressed through constructor parameter 1: Failed to convert value of type 'java.lang.String' to required type 'boolean'; Invalid boolean value [{probe.search.enabled:false}]\\nCaused by: org.springframework.beans.TypeMismatchException: Failed to convert value of type 'java.lang.String' to required type 'boolean'; Invalid boolean value [{probe.search.enabled:false}]\\nCaused by: java.lang.IllegalArgumentException: Invalid boolean value [{probe.search.enabled:false}]\", \"2025-10-18T20:<n>:00.794+0900 ERROR o.s.boot.SpringApplication - Application run failed\\norg.springframework.beans.factory.UnsatisfiedDependencyException: Error creating bean with name 'searchProbeController' defined in file [<path>: Unsatisfied dependency expressed through constructor parameter 1: Failed to convert value of type 'java.lang.String' to required type 'boolean'; Invalid boolean value [{probe.search.enabled:false}]\\nCaused by: org.springframework.beans.TypeMismatchException: Failed to convert value of type 'java.lang.String' to required type 'boolean'; Invalid boolean value [{probe.search.enabled:false}]\\nCaused by: java.lang.IllegalArgumentException: Invalid boolean value [{probe.search.enabled:false}]\\n> Task :bootRun FAILED\", \"org.springframework.beans.factory.UnsatisfiedDependencyException: Error creating bean with name 'searchProbeController' defined in file [<path>: Unsatisfied dependency expressed through constructor parameter 1: Failed to convert value of type 'java.lang.String' to required type 'boolean'; Invalid boolean value [{probe.search.enabled:false}]\\nCaused by: org.springframework.beans.TypeMismatchException: Failed to convert value of type 'java.lang.String' to required type 'boolean'; Invalid boolean value [{probe.search.enabled:false}]\\nCaused by: java.lang.IllegalArgumentException: Invalid boolean value [{probe.search.enabled:false}]\\n> Task :bootRun FAILED\\nFAILURE: Build failed with an exception.\" ], \"spring.boot.application-run-failed\": ["
    },
    {
      "source": "/mnt/data/work/stuff4/src111_merge15 - 2025-10-27T222650.778/scripts/analyze_build_output.py",
      "example": "LOG_PATTERNS = { \"gradle_build_failed\": re.compile(r\"FAILURE: Build failed with an exception\", re.I), \"gradle_task_failed\": re.compile(r\"Execution failed for task\", re.I), \"dependency_resolve_failed\": re.compile(r\"Could not resolve (?:all )?files? for configuration|Could not resolve [^:]+:[^:]+\", re.I), \"java_symbol_not_found\": re.compile(r\"symbol:\\s+(?:class|method|variable)\\s\", re.I),"
    },
    {
      "source": "/mnt/data/work/stuff4/src111_merge15 - 2025-10-27T222650.778/src/fix-and-build.ps1",
      "example": "Start-Sleep -Seconds 1 } Write-Error \"BUILD FAILED after $MaxAttempts attempts. See build<path> if available.\" exit 1"
    },
    {
      "source": "/mnt/data/work/stuff4/src111_merge15 - 2025-10-27T222650.778/tools/Matrixtxt.snapshot.txt",
      "example": "src111_merge15 (<n>).zip분석하고, 빌드오류 에러패턴이 내부에 남기게한 기능 있는데,그걸로 여태 빌드 패턴들 찾아서,아래 빌드오류 해결하고 src111_merge15.zip로 출력해줘. > Task :compileJava FAILED <path>:<n>: error: cannot find symbol import com.example.lms.service.ChatService;"
    },
    {
      "source": "/mnt/data/work/stuff4/src111_merge15 - 2025-10-27T222650.778/tools/Matrixtxt.snapshot.txt",
      "example": "* What went wrong: Execution failed for task ':compileJava'. > Compilation failed; see the compiler error output for details."
    },
    {
      "source": "/mnt/data/work/stuff4/src111_merge15 - 2025-10-27T222650.778/tools/error_pattern_extractor.py",
      "example": "'spring.beans.unsatisfied-dependency': re.compile(r'UnsatisfiedDependencyException'), 'spring.beans.type-mismatch': re.compile(r'TypeMismatchException'), 'gradle.bootRun.failed': re.compile(r'> Task :bootRun FAILED'), 'gradle.process.non-zero-exit': re.compile(r'finished with non-zero exit value'), 'gradle.compileJava.failed': re.compile(r'> Task :compileJava FAILED'),"
    },
    {
      "source": "/mnt/data/work/stuff4/src111_merge15 - 2025-10-27T222650.778/tools/error_pattern_extractor.py",
      "example": "'gradle.bootRun.failed': re.compile(r'> Task :bootRun FAILED'), 'gradle.process.non-zero-exit': re.compile(r'finished with non-zero exit value'), 'gradle.compileJava.failed': re.compile(r'> Task :compileJava FAILED'), 'javac.cannot-find-symbol': re.compile(r'error:\\s+cannot find symbol'), 'javac.package-not-found': re.compile(r'error:\\s+package .+ does not exist'),"
    }
  ],
  "JavacMissingSemicolon": [
    {
      "source": "/mnt/data/work/stuff4/src111_merge15 - 2025-10-27T214414.465/app/resources/dev/build/ERROR_PATTERNS.json",
      "example": "}, { \"pattern\": \"unclosed string literal|<identifier> expected|';' expected\", \"fix\": \"Remove stray characters and complete the statement; watch for logging format strings.\" }"
    },
    {
      "source": "/mnt/data/work/stuff4/src111_merge15 - 2025-10-28T010004.821/app/resources/dev/build/ERROR_PATTERNS.json",
      "example": "}, { \"pattern\": \"unclosed string literal|<identifier> expected|';' expected\", \"fix\": \"Remove stray characters and complete the statement; watch for logging format strings.\" }"
    },
    {
      "source": "/mnt/data/work/stuff4/src111_merge15 - 2025-10-27T222650.778/app/resources/dev/build/ERROR_PATTERNS.json",
      "example": "}, { \"pattern\": \"unclosed string literal|<identifier> expected|';' expected\", \"fix\": \"Remove stray characters and complete the statement; watch for logging format strings.\" }"
    }
  ],
  "SpringApplicationRunFailed": [
    {
      "source": "/mnt/data/work/stuff4/src111_merge15 - 2025-10-27T214414.465/build-logs/2025-10-18-bootRun.log",
      "example": "2025-10-18T20:<n>:00.742+0900 WARN o.s.b.w.s.c.AnnotationConfigServletWebServerApplicationContext - Exception encountered during context initialization - cancelling refresh attempt: org.springframework.beans.factory.UnsatisfiedDependencyException: Error creating bean with name 'searchProbeController' defined in file [<path>: Unsatisfied dependency expressed through constructor parameter 1: Failed to convert value of type 'java.lang.String' to required type 'boolean'; Invalid boolean value [{probe.search.enabled:false}] 2025-10-18T20:<n>:00.794+0900 ERROR o.s.boot.SpringApplication - Application run failed org.springframework.beans.factory.UnsatisfiedDependencyException: Error creating bean with name 'searchProbeController' defined in file [<path>: Unsatisfied dependency expressed through constructor parameter 1: Failed to convert value of type 'java.lang.String' to required type 'boolean'; Invalid boolean value [{probe.search.enabled:false}] Caused by: org.springframework.beans.TypeMismatchException: Failed to convert value of type 'java.lang.String' to required type 'boolean'; Invalid boolean value [{probe.search.enabled:false}]"
    },
    {
      "source": "/mnt/data/work/stuff4/src111_merge15 - 2025-10-27T214414.465/build-logs/error_patterns_detail.json",
      "example": "{ \"spring.beans.unsatisfied-dependency\": [ \"2025-10-18T20:<n>:00.742+0900 WARN o.s.b.w.s.c.AnnotationConfigServletWebServerApplicationContext - Exception encountered during context initialization - cancelling refresh attempt: org.springframework.beans.factory.UnsatisfiedDependencyException: Error creating bean with name 'searchProbeController' defined in file [<path>: Unsatisfied dependency expressed through constructor parameter 1: Failed to convert value of type 'java.lang.String' to required type 'boolean'; Invalid boolean value [{probe.search.enabled:false}]\\n2025-10-18T20:<n>:00.794+0900 ERROR o.s.boot.SpringApplication - Application run failed\\norg.springframework.beans.factory.UnsatisfiedDependencyException: Error creating bean with name 'searchProbeController' defined in file [<path>: Unsatisfied dependency expressed through constructor parameter 1: Failed to convert value of type 'java.lang.String' to required type 'boolean'; Invalid boolean value [{probe.search.enabled:false}]\", \"2025-10-18T20:<n>:00.742+0900 WARN o.s.b.w.s.c.AnnotationConfigServletWebServerApplicationContext - Exception encountered during context initialization - cancelling refresh attempt: org.springframework.beans.factory.UnsatisfiedDependencyException: Error creating bean with name 'searchProbeController' defined in file [<path>: Unsatisfied dependency expressed through constructor parameter 1: Failed to convert value of type 'java.lang.String' to required type 'boolean'; Invalid boolean value [{probe.search.enabled:false}]\\n2025-10-18T20:<n>:00.794+0900 ERROR o.s.boot.SpringApplication - Application run failed\\norg.springframework.beans.factory.UnsatisfiedDependencyException: Error creating bean with name 'searchProbeController' defined in file [<path>: Unsatisfied dependency expressed through constructor parameter 1: Failed to convert value of type 'java.lang.String' to required type 'boolean'; Invalid boolean value [{probe.search.enabled:false}]\\nCaused by: org.springframework.beans.TypeMismatchException: Failed to convert value of type 'java.lang.String' to required type 'boolean'; Invalid boolean value [{probe.search.enabled:false}]\\nCaused by: java.lang.IllegalArgumentException: Invalid boolean value [{probe.search.enabled:false}]\" ],"
    },
    {
      "source": "/mnt/data/work/stuff4/src111_merge15 - 2025-10-27T214414.465/build-logs/error_patterns_detail.json",
      "example": "\"spring.beans.unsatisfied-dependency\": [ \"2025-10-18T20:<n>:00.742+0900 WARN o.s.b.w.s.c.AnnotationConfigServletWebServerApplicationContext - Exception encountered during context initialization - cancelling refresh attempt: org.springframework.beans.factory.UnsatisfiedDependencyException: Error creating bean with name 'searchProbeController' defined in file [<path>: Unsatisfied dependency expressed through constructor parameter 1: Failed to convert value of type 'java.lang.String' to required type 'boolean'; Invalid boolean value [{probe.search.enabled:false}]\\n2025-10-18T20:<n>:00.794+0900 ERROR o.s.boot.SpringApplication - Application run failed\\norg.springframework.beans.factory.UnsatisfiedDependencyException: Error creating bean with name 'searchProbeController' defined in file [<path>: Unsatisfied dependency expressed through constructor parameter 1: Failed to convert value of type 'java.lang.String' to required type 'boolean'; Invalid boolean value [{probe.search.enabled:false}]\", \"2025-10-18T20:<n>:00.742+0900 WARN o.s.b.w.s.c.AnnotationConfigServletWebServerApplicationContext - Exception encountered during context initialization - cancelling refresh attempt: org.springframework.beans.factory.UnsatisfiedDependencyException: Error creating bean with name 'searchProbeController' defined in file [<path>: Unsatisfied dependency expressed through constructor parameter 1: Failed to convert value of type 'java.lang.String' to required type 'boolean'; Invalid boolean value [{probe.search.enabled:false}]\\n2025-10-18T20:<n>:00.794+0900 ERROR o.s.boot.SpringApplication - Application run failed\\norg.springframework.beans.factory.UnsatisfiedDependencyException: Error creating bean with name 'searchProbeController' defined in file [<path>: Unsatisfied dependency expressed through constructor parameter 1: Failed to convert value of type 'java.lang.String' to required type 'boolean'; Invalid boolean value [{probe.search.enabled:false}]\\nCaused by: org.springframework.beans.TypeMismatchException: Failed to convert value of type 'java.lang.String' to required type 'boolean'; Invalid boolean value [{probe.search.enabled:false}]\\nCaused by: java.lang.IllegalArgumentException: Invalid boolean value [{probe.search.enabled:false}]\" ], \"config.value.invalid-boolean.probe.search.enabled\": ["
    },
    {
      "source": "/mnt/data/work/stuff4/src111_merge15 - 2025-10-27T214414.465/docs/errors_input.txt",
      "example": "2025-10-14T13:<n>:40.018+0900 ERROR o.s.boot.SpringApplication - Application run failed org.yaml.snakeyaml.constructor.DuplicateKeyException: while constructing a mapping found duplicate key retrieval"
    },
    {
      "source": "/mnt/data/work/stuff4/src111_merge15 - 2025-10-27T214414.465/tools/error_pattern_extractor.py",
      "example": "R_PATTERNS = { 'spring.boot.application-run-failed': re.compile(r'Application run failed'), 'spring.beans.unsatisfied-dependency': re.compile(r'UnsatisfiedDependencyException'), 'spring.beans.type-mismatch': re.compile(r'TypeMismatchException'),"
    },
    {
      "source": "/mnt/data/work/stuff4/src111_merge15 - 2025-10-28T010004.821/build-logs/2025-10-18-bootRun.log",
      "example": "2025-10-18T20:<n>:00.742+0900 WARN o.s.b.w.s.c.AnnotationConfigServletWebServerApplicationContext - Exception encountered during context initialization - cancelling refresh attempt: org.springframework.beans.factory.UnsatisfiedDependencyException: Error creating bean with name 'searchProbeController' defined in file [<path>: Unsatisfied dependency expressed through constructor parameter 1: Failed to convert value of type 'java.lang.String' to required type 'boolean'; Invalid boolean value [{probe.search.enabled:false}] 2025-10-18T20:<n>:00.794+0900 ERROR o.s.boot.SpringApplication - Application run failed org.springframework.beans.factory.UnsatisfiedDependencyException: Error creating bean with name 'searchProbeController' defined in file [<path>: Unsatisfied dependency expressed through constructor parameter 1: Failed to convert value of type 'java.lang.String' to required type 'boolean'; Invalid boolean value [{probe.search.enabled:false}] Caused by: org.springframework.beans.TypeMismatchException: Failed to convert value of type 'java.lang.String' to required type 'boolean'; Invalid boolean value [{probe.search.enabled:false}]"
    },
    {
      "source": "/mnt/data/work/stuff4/src111_merge15 - 2025-10-28T010004.821/build-logs/error_patterns_detail.json",
      "example": "{ \"spring.beans.unsatisfied-dependency\": [ \"2025-10-18T20:<n>:00.742+0900 WARN o.s.b.w.s.c.AnnotationConfigServletWebServerApplicationContext - Exception encountered during context initialization - cancelling refresh attempt: org.springframework.beans.factory.UnsatisfiedDependencyException: Error creating bean with name 'searchProbeController' defined in file [<path>: Unsatisfied dependency expressed through constructor parameter 1: Failed to convert value of type 'java.lang.String' to required type 'boolean'; Invalid boolean value [{probe.search.enabled:false}]\\n2025-10-18T20:<n>:00.794+0900 ERROR o.s.boot.SpringApplication - Application run failed\\norg.springframework.beans.factory.UnsatisfiedDependencyException: Error creating bean with name 'searchProbeController' defined in file [<path>: Unsatisfied dependency expressed through constructor parameter 1: Failed to convert value of type 'java.lang.String' to required type 'boolean'; Invalid boolean value [{probe.search.enabled:false}]\", \"2025-10-18T20:<n>:00.742+0900 WARN o.s.b.w.s.c.AnnotationConfigServletWebServerApplicationContext - Exception encountered during context initialization - cancelling refresh attempt: org.springframework.beans.factory.UnsatisfiedDependencyException: Error creating bean with name 'searchProbeController' defined in file [<path>: Unsatisfied dependency expressed through constructor parameter 1: Failed to convert value of type 'java.lang.String' to required type 'boolean'; Invalid boolean value [{probe.search.enabled:false}]\\n2025-10-18T20:<n>:00.794+0900 ERROR o.s.boot.SpringApplication - Application run failed\\norg.springframework.beans.factory.UnsatisfiedDependencyException: Error creating bean with name 'searchProbeController' defined in file [<path>: Unsatisfied dependency expressed through constructor parameter 1: Failed to convert value of type 'java.lang.String' to required type 'boolean'; Invalid boolean value [{probe.search.enabled:false}]\\nCaused by: org.springframework.beans.TypeMismatchException: Failed to convert value of type 'java.lang.String' to required type 'boolean'; Invalid boolean value [{probe.search.enabled:false}]\\nCaused by: java.lang.IllegalArgumentException: Invalid boolean value [{probe.search.enabled:false}]\" ],"
    },
    {
      "source": "/mnt/data/work/stuff4/src111_merge15 - 2025-10-28T010004.821/build-logs/error_patterns_detail.json",
      "example": "\"spring.beans.unsatisfied-dependency\": [ \"2025-10-18T20:<n>:00.742+0900 WARN o.s.b.w.s.c.AnnotationConfigServletWebServerApplicationContext - Exception encountered during context initialization - cancelling refresh attempt: org.springframework.beans.factory.UnsatisfiedDependencyException: Error creating bean with name 'searchProbeController' defined in file [<path>: Unsatisfied dependency expressed through constructor parameter 1: Failed to convert value of type 'java.lang.String' to required type 'boolean'; Invalid boolean value [{probe.search.enabled:false}]\\n2025-10-18T20:<n>:00.794+0900 ERROR o.s.boot.SpringApplication - Application run failed\\norg.springframework.beans.factory.UnsatisfiedDependencyException: Error creating bean with name 'searchProbeController' defined in file [<path>: Unsatisfied dependency expressed through constructor parameter 1: Failed to convert value of type 'java.lang.String' to required type 'boolean'; Invalid boolean value [{probe.search.enabled:false}]\", \"2025-10-18T20:<n>:00.742+0900 WARN o.s.b.w.s.c.AnnotationConfigServletWebServerApplicationContext - Exception encountered during context initialization - cancelling refresh attempt: org.springframework.beans.factory.UnsatisfiedDependencyException: Error creating bean with name 'searchProbeController' defined in file [<path>: Unsatisfied dependency expressed through constructor parameter 1: Failed to convert value of type 'java.lang.String' to required type 'boolean'; Invalid boolean value [{probe.search.enabled:false}]\\n2025-10-18T20:<n>:00.794+0900 ERROR o.s.boot.SpringApplication - Application run failed\\norg.springframework.beans.factory.UnsatisfiedDependencyException: Error creating bean with name 'searchProbeController' defined in file [<path>: Unsatisfied dependency expressed through constructor parameter 1: Failed to convert value of type 'java.lang.String' to required type 'boolean'; Invalid boolean value [{probe.search.enabled:false}]\\nCaused by: org.springframework.beans.TypeMismatchException: Failed to convert value of type 'java.lang.String' to required type 'boolean'; Invalid boolean value [{probe.search.enabled:false}]\\nCaused by: java.lang.IllegalArgumentException: Invalid boolean value [{probe.search.enabled:false}]\" ], \"config.value.invalid-boolean.probe.search.enabled\": ["
    },
    {
      "source": "/mnt/data/work/stuff4/src111_merge15 - 2025-10-28T010004.821/docs/errors_input.txt",
      "example": "2025-10-14T13:<n>:40.018+0900 ERROR o.s.boot.SpringApplication - Application run failed org.yaml.snakeyaml.constructor.DuplicateKeyException: while constructing a mapping found duplicate key retrieval"
    },
    {
      "source": "/mnt/data/work/stuff4/src111_merge15 - 2025-10-28T010004.821/tools/error_pattern_extractor.py",
      "example": "R_PATTERNS = { 'spring.boot.application-run-failed': re.compile(r'Application run failed'), 'spring.beans.unsatisfied-dependency': re.compile(r'UnsatisfiedDependencyException'), 'spring.beans.type-mismatch': re.compile(r'TypeMismatchException'),"
    },
    {
      "source": "/mnt/data/work/stuff4/src111_merge15 - 2025-10-27T222650.778/build-logs/2025-10-18-bootRun.log",
      "example": "2025-10-18T20:<n>:00.742+0900 WARN o.s.b.w.s.c.AnnotationConfigServletWebServerApplicationContext - Exception encountered during context initialization - cancelling refresh attempt: org.springframework.beans.factory.UnsatisfiedDependencyException: Error creating bean with name 'searchProbeController' defined in file [<path>: Unsatisfied dependency expressed through constructor parameter 1: Failed to convert value of type 'java.lang.String' to required type 'boolean'; Invalid boolean value [{probe.search.enabled:false}] 2025-10-18T20:<n>:00.794+0900 ERROR o.s.boot.SpringApplication - Application run failed org.springframework.beans.factory.UnsatisfiedDependencyException: Error creating bean with name 'searchProbeController' defined in file [<path>: Unsatisfied dependency expressed through constructor parameter 1: Failed to convert value of type 'java.lang.String' to required type 'boolean'; Invalid boolean value [{probe.search.enabled:false}] Caused by: org.springframework.beans.TypeMismatchException: Failed to convert value of type 'java.lang.String' to required type 'boolean'; Invalid boolean value [{probe.search.enabled:false}]"
    },
    {
      "source": "/mnt/data/work/stuff4/src111_merge15 - 2025-10-27T222650.778/build-logs/error_patterns_detail.json",
      "example": "{ \"spring.beans.unsatisfied-dependency\": [ \"2025-10-18T20:<n>:00.742+0900 WARN o.s.b.w.s.c.AnnotationConfigServletWebServerApplicationContext - Exception encountered during context initialization - cancelling refresh attempt: org.springframework.beans.factory.UnsatisfiedDependencyException: Error creating bean with name 'searchProbeController' defined in file [<path>: Unsatisfied dependency expressed through constructor parameter 1: Failed to convert value of type 'java.lang.String' to required type 'boolean'; Invalid boolean value [{probe.search.enabled:false}]\\n2025-10-18T20:<n>:00.794+0900 ERROR o.s.boot.SpringApplication - Application run failed\\norg.springframework.beans.factory.UnsatisfiedDependencyException: Error creating bean with name 'searchProbeController' defined in file [<path>: Unsatisfied dependency expressed through constructor parameter 1: Failed to convert value of type 'java.lang.String' to required type 'boolean'; Invalid boolean value [{probe.search.enabled:false}]\", \"2025-10-18T20:<n>:00.742+0900 WARN o.s.b.w.s.c.AnnotationConfigServletWebServerApplicationContext - Exception encountered during context initialization - cancelling refresh attempt: org.springframework.beans.factory.UnsatisfiedDependencyException: Error creating bean with name 'searchProbeController' defined in file [<path>: Unsatisfied dependency expressed through constructor parameter 1: Failed to convert value of type 'java.lang.String' to required type 'boolean'; Invalid boolean value [{probe.search.enabled:false}]\\n2025-10-18T20:<n>:00.794+0900 ERROR o.s.boot.SpringApplication - Application run failed\\norg.springframework.beans.factory.UnsatisfiedDependencyException: Error creating bean with name 'searchProbeController' defined in file [<path>: Unsatisfied dependency expressed through constructor parameter 1: Failed to convert value of type 'java.lang.String' to required type 'boolean'; Invalid boolean value [{probe.search.enabled:false}]\\nCaused by: org.springframework.beans.TypeMismatchException: Failed to convert value of type 'java.lang.String' to required type 'boolean'; Invalid boolean value [{probe.search.enabled:false}]\\nCaused by: java.lang.IllegalArgumentException: Invalid boolean value [{probe.search.enabled:false}]\" ],"
    },
    {
      "source": "/mnt/data/work/stuff4/src111_merge15 - 2025-10-27T222650.778/build-logs/error_patterns_detail.json",
      "example": "\"spring.beans.unsatisfied-dependency\": [ \"2025-10-18T20:<n>:00.742+0900 WARN o.s.b.w.s.c.AnnotationConfigServletWebServerApplicationContext - Exception encountered during context initialization - cancelling refresh attempt: org.springframework.beans.factory.UnsatisfiedDependencyException: Error creating bean with name 'searchProbeController' defined in file [<path>: Unsatisfied dependency expressed through constructor parameter 1: Failed to convert value of type 'java.lang.String' to required type 'boolean'; Invalid boolean value [{probe.search.enabled:false}]\\n2025-10-18T20:<n>:00.794+0900 ERROR o.s.boot.SpringApplication - Application run failed\\norg.springframework.beans.factory.UnsatisfiedDependencyException: Error creating bean with name 'searchProbeController' defined in file [<path>: Unsatisfied dependency expressed through constructor parameter 1: Failed to convert value of type 'java.lang.String' to required type 'boolean'; Invalid boolean value [{probe.search.enabled:false}]\", \"2025-10-18T20:<n>:00.742+0900 WARN o.s.b.w.s.c.AnnotationConfigServletWebServerApplicationContext - Exception encountered during context initialization - cancelling refresh attempt: org.springframework.beans.factory.UnsatisfiedDependencyException: Error creating bean with name 'searchProbeController' defined in file [<path>: Unsatisfied dependency expressed through constructor parameter 1: Failed to convert value of type 'java.lang.String' to required type 'boolean'; Invalid boolean value [{probe.search.enabled:false}]\\n2025-10-18T20:<n>:00.794+0900 ERROR o.s.boot.SpringApplication - Application run failed\\norg.springframework.beans.factory.UnsatisfiedDependencyException: Error creating bean with name 'searchProbeController' defined in file [<path>: Unsatisfied dependency expressed through constructor parameter 1: Failed to convert value of type 'java.lang.String' to required type 'boolean'; Invalid boolean value [{probe.search.enabled:false}]\\nCaused by: org.springframework.beans.TypeMismatchException: Failed to convert value of type 'java.lang.String' to required type 'boolean'; Invalid boolean value [{probe.search.enabled:false}]\\nCaused by: java.lang.IllegalArgumentException: Invalid boolean value [{probe.search.enabled:false}]\" ], \"config.value.invalid-boolean.probe.search.enabled\": ["
    },
    {
      "source": "/mnt/data/work/stuff4/src111_merge15 - 2025-10-27T222650.778/docs/errors_input.txt",
      "example": "2025-10-14T13:<n>:40.018+0900 ERROR o.s.boot.SpringApplication - Application run failed org.yaml.snakeyaml.constructor.DuplicateKeyException: while constructing a mapping found duplicate key retrieval"
    },
    {
      "source": "/mnt/data/work/stuff4/src111_merge15 - 2025-10-27T222650.778/tools/error_pattern_extractor.py",
      "example": "R_PATTERNS = { 'spring.boot.application-run-failed': re.compile(r'Application run failed'), 'spring.beans.unsatisfied-dependency': re.compile(r'UnsatisfiedDependencyException'), 'spring.beans.type-mismatch': re.compile(r'TypeMismatchException'),"
    }
  ],
  "JavacIncompatibleTypes": [
    {
      "source": "/mnt/data/work/stuff4/src111_merge15 - 2025-10-27T214414.465/tools/Matrixtxt.snapshot.txt",
      "example": "@Override ^ <path>:<n>: error: incompatible types: com.example.lms.service.ChatOrchestrator.ChatResult cannot be converted to com.example.lms.service.ChatService.ChatResult return orchestrator.continueChat(req, q -> List.of()); ^"
    },
    {
      "source": "/mnt/data/work/stuff4/src111_merge15 - 2025-10-27T214414.465/tools/Matrixtxt.snapshot.txt",
      "example": "@Override ^ <path>:<n>: error: incompatible types: com.example.lms.service.ChatOrchestrator.ChatResult cannot be converted to com.example.lms.service.ChatService.ChatResult return orchestrator.continueChat(req, snippetProvider); ^"
    },
    {
      "source": "/mnt/data/work/stuff4/src111_merge15 - 2025-10-28T010004.821/tools/Matrixtxt.snapshot.txt",
      "example": "@Override ^ <path>:<n>: error: incompatible types: com.example.lms.service.ChatOrchestrator.ChatResult cannot be converted to com.example.lms.service.ChatService.ChatResult return orchestrator.continueChat(req, q -> List.of()); ^"
    },
    {
      "source": "/mnt/data/work/stuff4/src111_merge15 - 2025-10-28T010004.821/tools/Matrixtxt.snapshot.txt",
      "example": "@Override ^ <path>:<n>: error: incompatible types: com.example.lms.service.ChatOrchestrator.ChatResult cannot be converted to com.example.lms.service.ChatService.ChatResult return orchestrator.continueChat(req, snippetProvider); ^"
    },
    {
      "source": "/mnt/data/work/stuff4/src111_merge15 - 2025-10-27T222650.778/tools/Matrixtxt.snapshot.txt",
      "example": "@Override ^ <path>:<n>: error: incompatible types: com.example.lms.service.ChatOrchestrator.ChatResult cannot be converted to com.example.lms.service.ChatService.ChatResult return orchestrator.continueChat(req, q -> List.of()); ^"
    },
    {
      "source": "/mnt/data/work/stuff4/src111_merge15 - 2025-10-27T222650.778/tools/Matrixtxt.snapshot.txt",
      "example": "@Override ^ <path>:<n>: error: incompatible types: com.example.lms.service.ChatOrchestrator.ChatResult cannot be converted to com.example.lms.service.ChatService.ChatResult return orchestrator.continueChat(req, snippetProvider); ^"
    }
  ]
}